<?xml version="1.0" encoding="UTF-8"?>
<robot generator="Robot 3.1.1 (Python 3.7.2 on win32)" generated="20191024 20:42:35.192" rpa="false">
<suite id="s1" name="SmokeTest" source="D:\automation_projects\Banma\接口测试\SmokeTest">
<suite id="s1-s1" name="SmokeTest" source="D:\automation_projects\Banma\接口测试\SmokeTest\SmokeTest.robot">
<kw name="init environment" library="Keywords&amp;Variables" type="setup">
<kw name="login with keyboardPwd" library="Keywords&amp;Variables">
<doc>登录，并获取公网和专网token</doc>
<arguments>
<arg>${phone-activated}</arg>
<arg>${encodeKeyboardPwd}</arg>
<arg>${deviceId}</arg>
</arguments>
<assign>
<var>${encrypted-token}</var>
<var>${Pvt-Token}</var>
</assign>
<kw name="send post" library="Keywords&amp;Variables">
<arguments>
<arg>公网》【手机号登陆】字符密码登录</arg>
<arg>phone=${phone}</arg>
<arg>encodeKeyboardPwd=${encodeKeyboardPwd}</arg>
<arg>deviceId=${deviceId}</arg>
</arguments>
<assign>
<var>${response_login}</var>
</assign>
<kw name="Log" library="BuiltIn">
<doc>Logs the given message with the given level.</doc>
<arguments>
<arg>请求参数：${path},${headers},&amp;{params}</arg>
</arguments>
<msg timestamp="20191024 20:42:37.487" level="INFO">请求参数：公网》【手机号登陆】字符密码登录,{'version': '1.7.2', 'Device-Type': 'Android', 'Content-Type': 'application/json;charset=utf-8', 'Device-Name': 'OPPO+A83', 'Device-Model': 'OPPO OPPO A83', 'City-Code': '520100', 'Device-Code': 'ffffffffc2c1b527ffffffffc2c1b527'},{'phone': '17128240047', 'encodeKeyboardPwd': '4468a7a344ec6fc239753fe4758ef1e2', 'deviceId': '14b4ae557e8746d1b72a0a0a02b54e2a'}</msg>
<status status="PASS" starttime="20191024 20:42:37.487" endtime="20191024 20:42:37.487"></status>
</kw>
<kw name="Run Keyword If" library="BuiltIn">
<doc>Runs the given keyword with the given arguments, if ``condition`` is true.</doc>
<arguments>
<arg>${path.__contains__("公网")}</arg>
<arg>POST</arg>
<arg>${pub-base-url}</arg>
<arg>${path.replace("公网","edl-公网-移动端")}</arg>
<arg>${headers}</arg>
<arg>params=${params}</arg>
<arg>ELSE IF</arg>
<arg>${path.__contains__("专网")}</arg>
<arg>POST</arg>
<arg>${pvt-base-url}</arg>
<arg>${path.replace("专网","edl-专网-移动端")}</arg>
<arg>${headers}</arg>
<arg>params=${params}</arg>
<arg>ELSE</arg>
<arg>POST</arg>
<arg>${path}</arg>
<arg>headers=${headers}</arg>
<arg>params=${params}</arg>
</arguments>
<assign>
<var>${response}</var>
</assign>
<kw name="POST" library="RequestsRF">
<arguments>
<arg>${pub-base-url}</arg>
<arg>${path.replace("公网","edl-公网-移动端")}</arg>
<arg>${headers}</arg>
<arg>params=${params}</arg>
</arguments>
<status status="PASS" starttime="20191024 20:42:37.487" endtime="20191024 20:42:37.896"></status>
</kw>
<msg timestamp="20191024 20:42:37.896" level="INFO">${response} = &lt;Response [200]&gt;</msg>
<status status="PASS" starttime="20191024 20:42:37.487" endtime="20191024 20:42:37.896"></status>
</kw>
<kw name="Should Be Equal" library="BuiltIn">
<doc>Fails if the given objects are unequal.</doc>
<arguments>
<arg>${response.status_code}</arg>
<arg>${200}</arg>
<arg>msg=${response.text}</arg>
</arguments>
<status status="PASS" starttime="20191024 20:42:37.897" endtime="20191024 20:42:37.897"></status>
</kw>
<msg timestamp="20191024 20:42:37.897" level="INFO">${response_login} = &lt;Response [200]&gt;</msg>
<status status="PASS" starttime="20191024 20:42:37.486" endtime="20191024 20:42:37.897"></status>
</kw>
<kw name="Log" library="BuiltIn">
<doc>Logs the given message with the given level.</doc>
<arguments>
<arg>${response_login.json()}</arg>
</arguments>
<msg timestamp="20191024 20:42:37.897" level="INFO">{'success': True, 'code': 1000, 'msg': '登录成功', 'errorMsg': '操作成功', 'data': {'token': 'eyJhbGciOiJIUzI1NiIsInppcCI6IkRFRiJ9.eNqqVsosLlayUsrIzE4uSk0sSdVLzs9V0lHKTCxRsjI0NTe0NDKwNDXXUSouTQIqM7U0NzQ1tUqDgmSjZMMkUyNzdD7QgKL8nFS_xNxUoKbn6xY-n9D2dOIMpVoAAAAA__8.zCPG3koYerJKP46F3pG7QwmUUE2uN__AudVnW3cXrmE', 'userInfo': {'id': 597155, 'name': '叶良辰', 'avatar': 'http://10.197.236.171/group1/M00/00/6E/CsXsuV2cak2AK8uNAABysKeZcCc26.JPEG', 'idCard': '520***********5411', 'sex': 1, 'userType': 1, 'registerTime': 1569498952000, 'phone': '17128240047', 'memberLevel': 1, 'mallScore': 258, 'cardCouponCount': 5, 'taskCenterScore': 50, 'couponCount': 1, 'pvtNetAddr': 'http://testbmcpvtapp.hikcreate.com', 'pvtNetFileAddr': 'http://10.197.236.171', 'cityCode': '520100', 'hasFaceImageFlag': False, 'faceLoginFlag': False, 'bindEdlFlag': True, 'likeCount': 0, 'collectCount': 0, 'updatePasswordPromptFlag': False, 'userPwdType': 'keyboardAndGesturePwdUser'}}}</msg>
<status status="PASS" starttime="20191024 20:42:37.897" endtime="20191024 20:42:37.897"></status>
</kw>
<kw name="Json Paser" library="RequestsRF">
<arguments>
<arg>data》token</arg>
<arg>${response_login.json()}</arg>
</arguments>
<assign>
<var>${token}</var>
</assign>
<msg timestamp="20191024 20:42:37.898" level="INFO">${token} = eyJhbGciOiJIUzI1NiIsInppcCI6IkRFRiJ9.eNqqVsosLlayUsrIzE4uSk0sSdVLzs9V0lHKTCxRsjI0NTe0NDKwNDXXUSouTQIqM7U0NzQ1tUqDgmSjZMMkUyNzdD7QgKL8nFS_xNxUoKbn6xY-n9D2dOIMpVoAAAAA__8.zCPG3koYerJKP46F3pG7QwmUUE2uN__...</msg>
<status status="PASS" starttime="20191024 20:42:37.898" endtime="20191024 20:42:37.898"></status>
</kw>
<kw name="Aes Encrypt" library="RequestsRF">
<arguments>
<arg>../../Libs</arg>
<arg>${token}</arg>
</arguments>
<assign>
<var>${encrypted-token}</var>
</assign>
<msg timestamp="20191024 20:42:39.616" level="INFO">${encrypted-token} = eTir/N9Z7ddMjuvo8M5MJWRLAWrlJ7pUlUe2+eYszHJumBknucBL6nuzBdYWFTWIpFiiDNjxV7Ehw32usHdd6VMFs0k7Rm70FcoDPkTEvyWquKXlDB6j1dsnMB2wn/B4QDfvNt9azAT+idHo349mOD+R4cCz9N0IPyQN8JR67/W0Se+CW/teW+1DE70HDMY+0lrm01ft...</msg>
<status status="PASS" starttime="20191024 20:42:37.898" endtime="20191024 20:42:39.616"></status>
</kw>
<kw name="Create Dictionary" library="BuiltIn">
<doc>Creates and returns a dictionary based on the given ``items``.</doc>
<arguments>
<arg>&amp;{get-header}</arg>
<arg>Token=${encrypted-token}</arg>
</arguments>
<assign>
<var>&amp;{data_pvt_token}</var>
</assign>
<msg timestamp="20191024 20:42:39.616" level="INFO">&amp;{data_pvt_token} = { Device-Name=OPPO+A83 | Device-Model=OPPO OPPO A83 | City-Code=520100 | version=1.7.1 | Device-Type=Android | Device-Code=ffffffffc2c1b527ffffffffc2c1b527 | Token=eTir/N9Z7ddMjuvo8M5MJWRLAWrlJ7pUlUe2...</msg>
<status status="PASS" starttime="20191024 20:42:39.616" endtime="20191024 20:42:39.616"></status>
</kw>
<kw name="send get" library="Keywords&amp;Variables">
<arguments>
<arg>公网》获取专网token</arg>
<arg>headers=&amp;{data_pvt_token}</arg>
</arguments>
<assign>
<var>${response_pvt_token}</var>
</assign>
<kw name="Log" library="BuiltIn">
<doc>Logs the given message with the given level.</doc>
<arguments>
<arg>请求参数：${path},${headers},${params}</arg>
</arguments>
<msg timestamp="20191024 20:42:39.617" level="INFO">请求参数：公网》获取专网token,{'Device-Name': 'OPPO+A83', 'Device-Model': 'OPPO OPPO A83', 'City-Code': '520100', 'version': '1.7.1', 'Device-Type': 'Android', 'Device-Code': 'ffffffffc2c1b527ffffffffc2c1b527', 'Token': 'eTir/N9Z7ddMjuvo8M5MJWRLAWrlJ7pUlUe2+eYszHJumBknucBL6nuzBdYWFTWIpFiiDNjxV7Ehw32usHdd6VMFs0k7Rm70FcoDPkTEvyWquKXlDB6j1dsnMB2wn/B4QDfvNt9azAT+idHo349mOD+R4cCz9N0IPyQN8JR67/W0Se+CW/teW+1DE70HDMY+0lrm01ftft627SGVsnr6ApGfseoLUy9tQL+DW0n4rkhdvqfHhZrcA+e8dlwoUKVK3HxWphh03aMoTqKSBReJ21/bcG4SKOxQTYTmEBzCWrNokS3hW9COGFKPgGBiodwS'},{}</msg>
<status status="PASS" starttime="20191024 20:42:39.617" endtime="20191024 20:42:39.617"></status>
</kw>
<kw name="Run Keyword If" library="BuiltIn">
<doc>Runs the given keyword with the given arguments, if ``condition`` is true.</doc>
<arguments>
<arg>${path.__contains__("公网")}</arg>
<arg>GET</arg>
<arg>${pub-base-url}</arg>
<arg>path=${path.replace("公网","edl-公网-移动端")}</arg>
<arg>headers=${headers}</arg>
<arg>params=${params}</arg>
<arg>ELSE IF</arg>
<arg>${path.__contains__("专网")}</arg>
<arg>GET</arg>
<arg>${pvt-base-url}</arg>
<arg>path=${path.replace("专网","edl-专网-移动端")}</arg>
<arg>headers=${headers}</arg>
<arg>params=${params}</arg>
<arg>ELSE</arg>
<arg>GET</arg>
<arg>${path}</arg>
<arg>headers=${headers}</arg>
<arg>params=${params}</arg>
</arguments>
<assign>
<var>${response}</var>
</assign>
<kw name="GET" library="RequestsRF">
<arguments>
<arg>${pub-base-url}</arg>
<arg>path=${path.replace("公网","edl-公网-移动端")}</arg>
<arg>headers=${headers}</arg>
<arg>params=${params}</arg>
</arguments>
<status status="PASS" starttime="20191024 20:42:39.617" endtime="20191024 20:42:39.788"></status>
</kw>
<msg timestamp="20191024 20:42:39.788" level="INFO">${response} = &lt;Response [200]&gt;</msg>
<status status="PASS" starttime="20191024 20:42:39.617" endtime="20191024 20:42:39.788"></status>
</kw>
<kw name="Should Be Equal" library="BuiltIn">
<doc>Fails if the given objects are unequal.</doc>
<arguments>
<arg>${response.status_code}</arg>
<arg>${200}</arg>
<arg>msg=${response.text}</arg>
</arguments>
<status status="PASS" starttime="20191024 20:42:39.788" endtime="20191024 20:42:39.789"></status>
</kw>
<msg timestamp="20191024 20:42:39.789" level="INFO">${response_pvt_token} = &lt;Response [200]&gt;</msg>
<status status="PASS" starttime="20191024 20:42:39.616" endtime="20191024 20:42:39.789"></status>
</kw>
<kw name="Json Paser" library="RequestsRF">
<arguments>
<arg>data》token</arg>
<arg>${response_pvt_token.json()}</arg>
</arguments>
<assign>
<var>${Pvt-Token}</var>
</assign>
<msg timestamp="20191024 20:42:39.789" level="INFO">${Pvt-Token} = eyJhbGciOiJIUzI1NiIsInppcCI6IkRFRiJ9.eNpcjE0KgCAUBu_y1hHvM8WfQ3QHMyMpC7JW0d1z0arZDQxzUyqFHM1pCUf0Z2zDnqmh5E9yUBpWsIFpqFxDzZRgMGCNZstQEnAds2Q3fQQRMCih_16Xx77G3udYN37MaaPnBQAA__8.f0RkqriKd8vVcLmh_H7Bj56...</msg>
<status status="PASS" starttime="20191024 20:42:39.789" endtime="20191024 20:42:39.789"></status>
</kw>
<msg timestamp="20191024 20:42:39.790" level="INFO">${encrypted-token} = eTir/N9Z7ddMjuvo8M5MJWRLAWrlJ7pUlUe2+eYszHJumBknucBL6nuzBdYWFTWIpFiiDNjxV7Ehw32usHdd6VMFs0k7Rm70FcoDPkTEvyWquKXlDB6j1dsnMB2wn/B4QDfvNt9azAT+idHo349mOD+R4cCz9N0IPyQN8JR67/W0Se+CW/teW+1DE70HDMY+0lrm01ft...</msg>
<msg timestamp="20191024 20:42:39.790" level="INFO">${Pvt-Token} = eyJhbGciOiJIUzI1NiIsInppcCI6IkRFRiJ9.eNpcjE0KgCAUBu_y1hHvM8WfQ3QHMyMpC7JW0d1z0arZDQxzUyqFHM1pCUf0Z2zDnqmh5E9yUBpWsIFpqFxDzZRgMGCNZstQEnAds2Q3fQQRMCih_16Xx77G3udYN37MaaPnBQAA__8.f0RkqriKd8vVcLmh_H7Bj56...</msg>
<status status="PASS" starttime="20191024 20:42:37.486" endtime="20191024 20:42:39.790"></status>
</kw>
<kw name="Log" library="BuiltIn">
<doc>Logs the given message with the given level.</doc>
<arguments>
<arg>${encrypted-token},${Pvt-Token}</arg>
</arguments>
<msg timestamp="20191024 20:42:39.790" level="INFO">eTir/N9Z7ddMjuvo8M5MJWRLAWrlJ7pUlUe2+eYszHJumBknucBL6nuzBdYWFTWIpFiiDNjxV7Ehw32usHdd6VMFs0k7Rm70FcoDPkTEvyWquKXlDB6j1dsnMB2wn/B4QDfvNt9azAT+idHo349mOD+R4cCz9N0IPyQN8JR67/W0Se+CW/teW+1DE70HDMY+0lrm01ftft627SGVsnr6ApGfseoLUy9tQL+DW0n4rkhdvqfHhZrcA+e8dlwoUKVK3HxWphh03aMoTqKSBReJ21/bcG4SKOxQTYTmEBzCWrNokS3hW9COGFKPgGBiodwS,eyJhbGciOiJIUzI1NiIsInppcCI6IkRFRiJ9.eNpcjE0KgCAUBu_y1hHvM8WfQ3QHMyMpC7JW0d1z0arZDQxzUyqFHM1pCUf0Z2zDnqmh5E9yUBpWsIFpqFxDzZRgMGCNZstQEnAds2Q3fQQRMCih_16Xx77G3udYN37MaaPnBQAA__8.f0RkqriKd8vVcLmh_H7Bj56-KWG6hOV4ZwCWrMFbtXU</msg>
<status status="PASS" starttime="20191024 20:42:39.790" endtime="20191024 20:42:39.790"></status>
</kw>
<kw name="Set Suite Variable" library="BuiltIn">
<doc>Makes a variable available everywhere within the scope of the current suite.</doc>
<arguments>
<arg>&amp;{get-header}</arg>
<arg>&amp;{get-header}</arg>
<arg>Token=${encrypted-token}</arg>
<arg>Pvt-Token=${Pvt-Token}</arg>
</arguments>
<msg timestamp="20191024 20:42:39.791" level="INFO">&amp;{get-header} = { Device-Name=OPPO+A83 | Device-Model=OPPO OPPO A83 | City-Code=520100 | version=1.7.1 | Device-Type=Android | Device-Code=ffffffffc2c1b527ffffffffc2c1b527 | Token=eTir/N9Z7ddMjuvo8M5MJWRLAWrlJ7pUlUe2...</msg>
<status status="PASS" starttime="20191024 20:42:39.790" endtime="20191024 20:42:39.791"></status>
</kw>
<kw name="Set Suite Variable" library="BuiltIn">
<doc>Makes a variable available everywhere within the scope of the current suite.</doc>
<arguments>
<arg>&amp;{post-header}</arg>
<arg>&amp;{post-header}</arg>
<arg>Token=${encrypted-token}</arg>
<arg>Pvt-Token=${Pvt-Token}</arg>
</arguments>
<msg timestamp="20191024 20:42:39.791" level="INFO">&amp;{post-header} = { version=1.7.2 | Device-Type=Android | Content-Type=application/json;charset=utf-8 | Device-Name=OPPO+A83 | Device-Model=OPPO OPPO A83 | City-Code=520100 | Device-Code=ffffffffc2c1b527ffffffffc2c1b52...</msg>
<status status="PASS" starttime="20191024 20:42:39.791" endtime="20191024 20:42:39.791"></status>
</kw>
<kw name="get vehicle ids" library="Keywords&amp;Variables">
<doc>获取车牌号对应的车辆ID</doc>
<assign>
<var>&amp;{vehicles}</var>
</assign>
<kw name="send get" library="Keywords&amp;Variables">
<arguments>
<arg>专网》获取卡片信息</arg>
</arguments>
<assign>
<var>${response}</var>
</assign>
<kw name="Log" library="BuiltIn">
<doc>Logs the given message with the given level.</doc>
<arguments>
<arg>请求参数：${path},${headers},${params}</arg>
</arguments>
<msg timestamp="20191024 20:42:39.793" level="INFO">请求参数：专网》获取卡片信息,{'Device-Name': 'OPPO+A83', 'Device-Model': 'OPPO OPPO A83', 'City-Code': '520100', 'version': '1.7.1', 'Device-Type': 'Android', 'Device-Code': 'ffffffffc2c1b527ffffffffc2c1b527', 'Token': 'eTir/N9Z7ddMjuvo8M5MJWRLAWrlJ7pUlUe2+eYszHJumBknucBL6nuzBdYWFTWIpFiiDNjxV7Ehw32usHdd6VMFs0k7Rm70FcoDPkTEvyWquKXlDB6j1dsnMB2wn/B4QDfvNt9azAT+idHo349mOD+R4cCz9N0IPyQN8JR67/W0Se+CW/teW+1DE70HDMY+0lrm01ftft627SGVsnr6ApGfseoLUy9tQL+DW0n4rkhdvqfHhZrcA+e8dlwoUKVK3HxWphh03aMoTqKSBReJ21/bcG4SKOxQTYTmEBzCWrNokS3hW9COGFKPgGBiodwS', 'Pvt-Token': 'eyJhbGciOiJIUzI1NiIsInppcCI6IkRFRiJ9.eNpcjE0KgCAUBu_y1hHvM8WfQ3QHMyMpC7JW0d1z0arZDQxzUyqFHM1pCUf0Z2zDnqmh5E9yUBpWsIFpqFxDzZRgMGCNZstQEnAds2Q3fQQRMCih_16Xx77G3udYN37MaaPnBQAA__8.f0RkqriKd8vVcLmh_H7Bj56-KWG6hOV4ZwCWrMFbtXU'},{}</msg>
<status status="PASS" starttime="20191024 20:42:39.793" endtime="20191024 20:42:39.793"></status>
</kw>
<kw name="Run Keyword If" library="BuiltIn">
<doc>Runs the given keyword with the given arguments, if ``condition`` is true.</doc>
<arguments>
<arg>${path.__contains__("公网")}</arg>
<arg>GET</arg>
<arg>${pub-base-url}</arg>
<arg>path=${path.replace("公网","edl-公网-移动端")}</arg>
<arg>headers=${headers}</arg>
<arg>params=${params}</arg>
<arg>ELSE IF</arg>
<arg>${path.__contains__("专网")}</arg>
<arg>GET</arg>
<arg>${pvt-base-url}</arg>
<arg>path=${path.replace("专网","edl-专网-移动端")}</arg>
<arg>headers=${headers}</arg>
<arg>params=${params}</arg>
<arg>ELSE</arg>
<arg>GET</arg>
<arg>${path}</arg>
<arg>headers=${headers}</arg>
<arg>params=${params}</arg>
</arguments>
<assign>
<var>${response}</var>
</assign>
<kw name="GET" library="RequestsRF">
<arguments>
<arg>${pvt-base-url}</arg>
<arg>path=${path.replace("专网","edl-专网-移动端")}</arg>
<arg>headers=${headers}</arg>
<arg>params=${params}</arg>
</arguments>
<status status="PASS" starttime="20191024 20:42:39.794" endtime="20191024 20:42:41.323"></status>
</kw>
<msg timestamp="20191024 20:42:41.323" level="INFO">${response} = &lt;Response [200]&gt;</msg>
<status status="PASS" starttime="20191024 20:42:39.793" endtime="20191024 20:42:41.323"></status>
</kw>
<kw name="Should Be Equal" library="BuiltIn">
<doc>Fails if the given objects are unequal.</doc>
<arguments>
<arg>${response.status_code}</arg>
<arg>${200}</arg>
<arg>msg=${response.text}</arg>
</arguments>
<status status="PASS" starttime="20191024 20:42:41.324" endtime="20191024 20:42:41.326"></status>
</kw>
<msg timestamp="20191024 20:42:41.326" level="INFO">${response} = &lt;Response [200]&gt;</msg>
<status status="PASS" starttime="20191024 20:42:39.792" endtime="20191024 20:42:41.326"></status>
</kw>
<kw name="Json Paser" library="RequestsRF">
<arguments>
<arg>data》vehicleLicenses</arg>
<arg>${response.json()}</arg>
</arguments>
<assign>
<var>@{vehicleLicenses}</var>
</assign>
<msg timestamp="20191024 20:42:41.327" level="INFO">@{vehicleLicenses} = [ {'id': 2732, 'plateNum': '贵A99999', 'plateNumName': '贵A·99999', 'engineNum': '3UZ01851899', 'plateType': '02', 'plateTypeName': '小型汽车', 'issueDate': '2017-12-12', 'usageMode': 'A', 'usageModeName': ...</msg>
<status status="PASS" starttime="20191024 20:42:41.326" endtime="20191024 20:42:41.327"></status>
</kw>
<kw name="Create Dictionary" library="BuiltIn">
<doc>Creates and returns a dictionary based on the given ``items``.</doc>
<arguments>
<arg>&amp;{EMPTY}</arg>
</arguments>
<assign>
<var>&amp;{vehicles}</var>
</assign>
<msg timestamp="20191024 20:42:41.327" level="INFO">&amp;{vehicles} = { }</msg>
<status status="PASS" starttime="20191024 20:42:41.327" endtime="20191024 20:42:41.327"></status>
</kw>
<kw name="${vehicle} IN [ @{vehicleLicenses} ]" type="for">
<kw name="${vehicle} = {'id': 2732, 'plateNum': '贵A99999', 'plateNumName': '贵A·99999', 'engineNum': '3UZ01851899', 'plateType': '02', 'plateTypeName': '小型汽车', 'issueDate': '2017-12-12', 'usageMode': 'A', 'usageModeName': '非..." type="foritem">
<kw name="Create Dictionary" library="BuiltIn">
<doc>Creates and returns a dictionary based on the given ``items``.</doc>
<arguments>
<arg>&amp;{vehicles}</arg>
<arg>${vehicle}[plateNum]=${vehicle}[id]</arg>
</arguments>
<assign>
<var>&amp;{vehicles}</var>
</assign>
<msg timestamp="20191024 20:42:41.328" level="INFO">&amp;{vehicles} = { 贵A99999=2732 }</msg>
<status status="PASS" starttime="20191024 20:42:41.327" endtime="20191024 20:42:41.328"></status>
</kw>
<status status="PASS" starttime="20191024 20:42:41.327" endtime="20191024 20:42:41.328"></status>
</kw>
<kw name="${vehicle} = {'id': 4294, 'plateNum': '贵A77777', 'plateNumName': '贵A·77777', 'engineNum': '3UZ01851899', 'plateType': '02', 'plateTypeName': '小型汽车', 'issueDate': '2017-12-12', 'usageMode': 'A', 'usageModeName': '非..." type="foritem">
<kw name="Create Dictionary" library="BuiltIn">
<doc>Creates and returns a dictionary based on the given ``items``.</doc>
<arguments>
<arg>&amp;{vehicles}</arg>
<arg>${vehicle}[plateNum]=${vehicle}[id]</arg>
</arguments>
<assign>
<var>&amp;{vehicles}</var>
</assign>
<msg timestamp="20191024 20:42:41.328" level="INFO">&amp;{vehicles} = { 贵A99999=2732 | 贵A77777=4294 }</msg>
<status status="PASS" starttime="20191024 20:42:41.328" endtime="20191024 20:42:41.328"></status>
</kw>
<status status="PASS" starttime="20191024 20:42:41.328" endtime="20191024 20:42:41.328"></status>
</kw>
<kw name="${vehicle} = {'id': 2726, 'plateNum': '贵A66666', 'plateNumName': '贵A·66666', 'engineNum': '3UZ01851899', 'plateType': '02', 'plateTypeName': '小型汽车', 'issueDate': '2017-12-12', 'usageMode': 'A', 'usageModeName': '非..." type="foritem">
<kw name="Create Dictionary" library="BuiltIn">
<doc>Creates and returns a dictionary based on the given ``items``.</doc>
<arguments>
<arg>&amp;{vehicles}</arg>
<arg>${vehicle}[plateNum]=${vehicle}[id]</arg>
</arguments>
<assign>
<var>&amp;{vehicles}</var>
</assign>
<msg timestamp="20191024 20:42:41.329" level="INFO">&amp;{vehicles} = { 贵A99999=2732 | 贵A77777=4294 | 贵A66666=2726 }</msg>
<status status="PASS" starttime="20191024 20:42:41.328" endtime="20191024 20:42:41.329"></status>
</kw>
<status status="PASS" starttime="20191024 20:42:41.328" endtime="20191024 20:42:41.329"></status>
</kw>
<kw name="${vehicle} = {'id': 4130, 'plateNum': '贵AC9CCC', 'plateNumName': '贵A·C9CCC', 'engineNum': '3UZ01851899', 'plateType': '02', 'plateTypeName': '小型汽车', 'issueDate': '2017-12-12', 'usageMode': 'G', 'usageModeName': '租..." type="foritem">
<kw name="Create Dictionary" library="BuiltIn">
<doc>Creates and returns a dictionary based on the given ``items``.</doc>
<arguments>
<arg>&amp;{vehicles}</arg>
<arg>${vehicle}[plateNum]=${vehicle}[id]</arg>
</arguments>
<assign>
<var>&amp;{vehicles}</var>
</assign>
<msg timestamp="20191024 20:42:41.329" level="INFO">&amp;{vehicles} = { 贵A99999=2732 | 贵A77777=4294 | 贵A66666=2726 | 贵AC9CCC=4130 }</msg>
<status status="PASS" starttime="20191024 20:42:41.329" endtime="20191024 20:42:41.329"></status>
</kw>
<status status="PASS" starttime="20191024 20:42:41.329" endtime="20191024 20:42:41.329"></status>
</kw>
<status status="PASS" starttime="20191024 20:42:41.327" endtime="20191024 20:42:41.329"></status>
</kw>
<msg timestamp="20191024 20:42:41.329" level="INFO">&amp;{vehicles} = { 贵A99999=2732 | 贵A77777=4294 | 贵A66666=2726 | 贵AC9CCC=4130 }</msg>
<status status="PASS" starttime="20191024 20:42:39.791" endtime="20191024 20:42:41.329"></status>
</kw>
<kw name="Set Suite Variable" library="BuiltIn">
<doc>Makes a variable available everywhere within the scope of the current suite.</doc>
<arguments>
<arg>&amp;{vehicles}</arg>
</arguments>
<msg timestamp="20191024 20:42:41.330" level="INFO">&amp;{vehicles} = { 贵A99999=2732 | 贵A77777=4294 | 贵A66666=2726 | 贵AC9CCC=4130 }</msg>
<status status="PASS" starttime="20191024 20:42:41.329" endtime="20191024 20:42:41.330"></status>
</kw>
<status status="PASS" starttime="20191024 20:42:37.486" endtime="20191024 20:42:41.330"></status>
</kw>
<test id="s1-s1-t1" name="首页刷新">
<kw name="send get request and verify" library="Keywords&amp;Variables">
<arguments>
<arg>公网》公告弹出</arg>
</arguments>
<kw name="send get" library="Keywords&amp;Variables">
<arguments>
<arg>${path}</arg>
<arg>&amp;{params}</arg>
</arguments>
<assign>
<var>${response}</var>
</assign>
<kw name="Log" library="BuiltIn">
<doc>Logs the given message with the given level.</doc>
<arguments>
<arg>请求参数：${path},${headers},${params}</arg>
</arguments>
<msg timestamp="20191024 20:42:41.332" level="INFO">请求参数：公网》公告弹出,{'Device-Name': 'OPPO+A83', 'Device-Model': 'OPPO OPPO A83', 'City-Code': '520100', 'version': '1.7.1', 'Device-Type': 'Android', 'Device-Code': 'ffffffffc2c1b527ffffffffc2c1b527', 'Token': 'eTir/N9Z7ddMjuvo8M5MJWRLAWrlJ7pUlUe2+eYszHJumBknucBL6nuzBdYWFTWIpFiiDNjxV7Ehw32usHdd6VMFs0k7Rm70FcoDPkTEvyWquKXlDB6j1dsnMB2wn/B4QDfvNt9azAT+idHo349mOD+R4cCz9N0IPyQN8JR67/W0Se+CW/teW+1DE70HDMY+0lrm01ftft627SGVsnr6ApGfseoLUy9tQL+DW0n4rkhdvqfHhZrcA+e8dlwoUKVK3HxWphh03aMoTqKSBReJ21/bcG4SKOxQTYTmEBzCWrNokS3hW9COGFKPgGBiodwS', 'Pvt-Token': 'eyJhbGciOiJIUzI1NiIsInppcCI6IkRFRiJ9.eNpcjE0KgCAUBu_y1hHvM8WfQ3QHMyMpC7JW0d1z0arZDQxzUyqFHM1pCUf0Z2zDnqmh5E9yUBpWsIFpqFxDzZRgMGCNZstQEnAds2Q3fQQRMCih_16Xx77G3udYN37MaaPnBQAA__8.f0RkqriKd8vVcLmh_H7Bj56-KWG6hOV4ZwCWrMFbtXU'},{}</msg>
<status status="PASS" starttime="20191024 20:42:41.331" endtime="20191024 20:42:41.332"></status>
</kw>
<kw name="Run Keyword If" library="BuiltIn">
<doc>Runs the given keyword with the given arguments, if ``condition`` is true.</doc>
<arguments>
<arg>${path.__contains__("公网")}</arg>
<arg>GET</arg>
<arg>${pub-base-url}</arg>
<arg>path=${path.replace("公网","edl-公网-移动端")}</arg>
<arg>headers=${headers}</arg>
<arg>params=${params}</arg>
<arg>ELSE IF</arg>
<arg>${path.__contains__("专网")}</arg>
<arg>GET</arg>
<arg>${pvt-base-url}</arg>
<arg>path=${path.replace("专网","edl-专网-移动端")}</arg>
<arg>headers=${headers}</arg>
<arg>params=${params}</arg>
<arg>ELSE</arg>
<arg>GET</arg>
<arg>${path}</arg>
<arg>headers=${headers}</arg>
<arg>params=${params}</arg>
</arguments>
<assign>
<var>${response}</var>
</assign>
<kw name="GET" library="RequestsRF">
<arguments>
<arg>${pub-base-url}</arg>
<arg>path=${path.replace("公网","edl-公网-移动端")}</arg>
<arg>headers=${headers}</arg>
<arg>params=${params}</arg>
</arguments>
<status status="PASS" starttime="20191024 20:42:41.332" endtime="20191024 20:42:41.367"></status>
</kw>
<msg timestamp="20191024 20:42:41.368" level="INFO">${response} = &lt;Response [200]&gt;</msg>
<status status="PASS" starttime="20191024 20:42:41.332" endtime="20191024 20:42:41.368"></status>
</kw>
<kw name="Should Be Equal" library="BuiltIn">
<doc>Fails if the given objects are unequal.</doc>
<arguments>
<arg>${response.status_code}</arg>
<arg>${200}</arg>
<arg>msg=${response.text}</arg>
</arguments>
<status status="PASS" starttime="20191024 20:42:41.368" endtime="20191024 20:42:41.370"></status>
</kw>
<msg timestamp="20191024 20:42:41.370" level="INFO">${response} = &lt;Response [200]&gt;</msg>
<status status="PASS" starttime="20191024 20:42:41.331" endtime="20191024 20:42:41.370"></status>
</kw>
<kw name="response should be correct" library="Keywords&amp;Variables">
<arguments>
<arg>${response}</arg>
<arg>expected_value=${expected}</arg>
</arguments>
<kw name="Set Variable" library="BuiltIn">
<doc>Returns the given values which can then be assigned to a variables.</doc>
<arguments>
<arg>${response.headers['Content-Type']}</arg>
</arguments>
<assign>
<var>${contentType}</var>
</assign>
<msg timestamp="20191024 20:42:41.371" level="INFO">${contentType} = application/json;charset=UTF-8</msg>
<status status="PASS" starttime="20191024 20:42:41.371" endtime="20191024 20:42:41.371"></status>
</kw>
<kw name="Run Keyword If" library="BuiltIn">
<doc>Runs the given keyword with the given arguments, if ``condition`` is true.</doc>
<arguments>
<arg>${contentType.__contains__('json')}</arg>
<arg>json should contains</arg>
<arg>${response.json()}</arg>
<arg>${expected_value}</arg>
<arg>ELSE</arg>
<arg>should not be equal</arg>
<arg>${response.headers['Content-Length']}</arg>
<arg>0</arg>
<arg>msg=请求图片失败</arg>
</arguments>
<kw name="Json Should Contains" library="CommonTools">
<arguments>
<arg>${response.json()}</arg>
<arg>${expected_value}</arg>
</arguments>
<status status="PASS" starttime="20191024 20:42:41.372" endtime="20191024 20:42:41.372"></status>
</kw>
<status status="PASS" starttime="20191024 20:42:41.372" endtime="20191024 20:42:41.372"></status>
</kw>
<status status="PASS" starttime="20191024 20:42:41.371" endtime="20191024 20:42:41.372"></status>
</kw>
<status status="PASS" starttime="20191024 20:42:41.331" endtime="20191024 20:42:41.372"></status>
</kw>
<kw name="send get request and verify" library="Keywords&amp;Variables">
<arguments>
<arg>公网》【消息中心】未读消息数</arg>
</arguments>
<kw name="send get" library="Keywords&amp;Variables">
<arguments>
<arg>${path}</arg>
<arg>&amp;{params}</arg>
</arguments>
<assign>
<var>${response}</var>
</assign>
<kw name="Log" library="BuiltIn">
<doc>Logs the given message with the given level.</doc>
<arguments>
<arg>请求参数：${path},${headers},${params}</arg>
</arguments>
<msg timestamp="20191024 20:42:41.373" level="INFO">请求参数：公网》【消息中心】未读消息数,{'Device-Name': 'OPPO+A83', 'Device-Model': 'OPPO OPPO A83', 'City-Code': '520100', 'version': '1.7.1', 'Device-Type': 'Android', 'Device-Code': 'ffffffffc2c1b527ffffffffc2c1b527', 'Token': 'eTir/N9Z7ddMjuvo8M5MJWRLAWrlJ7pUlUe2+eYszHJumBknucBL6nuzBdYWFTWIpFiiDNjxV7Ehw32usHdd6VMFs0k7Rm70FcoDPkTEvyWquKXlDB6j1dsnMB2wn/B4QDfvNt9azAT+idHo349mOD+R4cCz9N0IPyQN8JR67/W0Se+CW/teW+1DE70HDMY+0lrm01ftft627SGVsnr6ApGfseoLUy9tQL+DW0n4rkhdvqfHhZrcA+e8dlwoUKVK3HxWphh03aMoTqKSBReJ21/bcG4SKOxQTYTmEBzCWrNokS3hW9COGFKPgGBiodwS', 'Pvt-Token': 'eyJhbGciOiJIUzI1NiIsInppcCI6IkRFRiJ9.eNpcjE0KgCAUBu_y1hHvM8WfQ3QHMyMpC7JW0d1z0arZDQxzUyqFHM1pCUf0Z2zDnqmh5E9yUBpWsIFpqFxDzZRgMGCNZstQEnAds2Q3fQQRMCih_16Xx77G3udYN37MaaPnBQAA__8.f0RkqriKd8vVcLmh_H7Bj56-KWG6hOV4ZwCWrMFbtXU'},{}</msg>
<status status="PASS" starttime="20191024 20:42:41.373" endtime="20191024 20:42:41.373"></status>
</kw>
<kw name="Run Keyword If" library="BuiltIn">
<doc>Runs the given keyword with the given arguments, if ``condition`` is true.</doc>
<arguments>
<arg>${path.__contains__("公网")}</arg>
<arg>GET</arg>
<arg>${pub-base-url}</arg>
<arg>path=${path.replace("公网","edl-公网-移动端")}</arg>
<arg>headers=${headers}</arg>
<arg>params=${params}</arg>
<arg>ELSE IF</arg>
<arg>${path.__contains__("专网")}</arg>
<arg>GET</arg>
<arg>${pvt-base-url}</arg>
<arg>path=${path.replace("专网","edl-专网-移动端")}</arg>
<arg>headers=${headers}</arg>
<arg>params=${params}</arg>
<arg>ELSE</arg>
<arg>GET</arg>
<arg>${path}</arg>
<arg>headers=${headers}</arg>
<arg>params=${params}</arg>
</arguments>
<assign>
<var>${response}</var>
</assign>
<kw name="GET" library="RequestsRF">
<arguments>
<arg>${pub-base-url}</arg>
<arg>path=${path.replace("公网","edl-公网-移动端")}</arg>
<arg>headers=${headers}</arg>
<arg>params=${params}</arg>
</arguments>
<status status="PASS" starttime="20191024 20:42:41.373" endtime="20191024 20:42:41.409"></status>
</kw>
<msg timestamp="20191024 20:42:41.409" level="INFO">${response} = &lt;Response [200]&gt;</msg>
<status status="PASS" starttime="20191024 20:42:41.373" endtime="20191024 20:42:41.409"></status>
</kw>
<kw name="Should Be Equal" library="BuiltIn">
<doc>Fails if the given objects are unequal.</doc>
<arguments>
<arg>${response.status_code}</arg>
<arg>${200}</arg>
<arg>msg=${response.text}</arg>
</arguments>
<status status="PASS" starttime="20191024 20:42:41.409" endtime="20191024 20:42:41.409"></status>
</kw>
<msg timestamp="20191024 20:42:41.409" level="INFO">${response} = &lt;Response [200]&gt;</msg>
<status status="PASS" starttime="20191024 20:42:41.372" endtime="20191024 20:42:41.409"></status>
</kw>
<kw name="response should be correct" library="Keywords&amp;Variables">
<arguments>
<arg>${response}</arg>
<arg>expected_value=${expected}</arg>
</arguments>
<kw name="Set Variable" library="BuiltIn">
<doc>Returns the given values which can then be assigned to a variables.</doc>
<arguments>
<arg>${response.headers['Content-Type']}</arg>
</arguments>
<assign>
<var>${contentType}</var>
</assign>
<msg timestamp="20191024 20:42:41.410" level="INFO">${contentType} = application/json;charset=UTF-8</msg>
<status status="PASS" starttime="20191024 20:42:41.410" endtime="20191024 20:42:41.410"></status>
</kw>
<kw name="Run Keyword If" library="BuiltIn">
<doc>Runs the given keyword with the given arguments, if ``condition`` is true.</doc>
<arguments>
<arg>${contentType.__contains__('json')}</arg>
<arg>json should contains</arg>
<arg>${response.json()}</arg>
<arg>${expected_value}</arg>
<arg>ELSE</arg>
<arg>should not be equal</arg>
<arg>${response.headers['Content-Length']}</arg>
<arg>0</arg>
<arg>msg=请求图片失败</arg>
</arguments>
<kw name="Json Should Contains" library="CommonTools">
<arguments>
<arg>${response.json()}</arg>
<arg>${expected_value}</arg>
</arguments>
<status status="PASS" starttime="20191024 20:42:41.410" endtime="20191024 20:42:41.410"></status>
</kw>
<status status="PASS" starttime="20191024 20:42:41.410" endtime="20191024 20:42:41.410"></status>
</kw>
<status status="PASS" starttime="20191024 20:42:41.409" endtime="20191024 20:42:41.411"></status>
</kw>
<status status="PASS" starttime="20191024 20:42:41.372" endtime="20191024 20:42:41.411"></status>
</kw>
<kw name="send get request and verify" library="Keywords&amp;Variables">
<arguments>
<arg>公网》获取首页业务列表</arg>
<arg>cityCode=520100</arg>
</arguments>
<kw name="send get" library="Keywords&amp;Variables">
<arguments>
<arg>${path}</arg>
<arg>&amp;{params}</arg>
</arguments>
<assign>
<var>${response}</var>
</assign>
<kw name="Log" library="BuiltIn">
<doc>Logs the given message with the given level.</doc>
<arguments>
<arg>请求参数：${path},${headers},${params}</arg>
</arguments>
<msg timestamp="20191024 20:42:41.411" level="INFO">请求参数：公网》获取首页业务列表,{'Device-Name': 'OPPO+A83', 'Device-Model': 'OPPO OPPO A83', 'City-Code': '520100', 'version': '1.7.1', 'Device-Type': 'Android', 'Device-Code': 'ffffffffc2c1b527ffffffffc2c1b527', 'Token': 'eTir/N9Z7ddMjuvo8M5MJWRLAWrlJ7pUlUe2+eYszHJumBknucBL6nuzBdYWFTWIpFiiDNjxV7Ehw32usHdd6VMFs0k7Rm70FcoDPkTEvyWquKXlDB6j1dsnMB2wn/B4QDfvNt9azAT+idHo349mOD+R4cCz9N0IPyQN8JR67/W0Se+CW/teW+1DE70HDMY+0lrm01ftft627SGVsnr6ApGfseoLUy9tQL+DW0n4rkhdvqfHhZrcA+e8dlwoUKVK3HxWphh03aMoTqKSBReJ21/bcG4SKOxQTYTmEBzCWrNokS3hW9COGFKPgGBiodwS', 'Pvt-Token': 'eyJhbGciOiJIUzI1NiIsInppcCI6IkRFRiJ9.eNpcjE0KgCAUBu_y1hHvM8WfQ3QHMyMpC7JW0d1z0arZDQxzUyqFHM1pCUf0Z2zDnqmh5E9yUBpWsIFpqFxDzZRgMGCNZstQEnAds2Q3fQQRMCih_16Xx77G3udYN37MaaPnBQAA__8.f0RkqriKd8vVcLmh_H7Bj56-KWG6hOV4ZwCWrMFbtXU'},{'cityCode': '520100'}</msg>
<status status="PASS" starttime="20191024 20:42:41.411" endtime="20191024 20:42:41.425"></status>
</kw>
<kw name="Run Keyword If" library="BuiltIn">
<doc>Runs the given keyword with the given arguments, if ``condition`` is true.</doc>
<arguments>
<arg>${path.__contains__("公网")}</arg>
<arg>GET</arg>
<arg>${pub-base-url}</arg>
<arg>path=${path.replace("公网","edl-公网-移动端")}</arg>
<arg>headers=${headers}</arg>
<arg>params=${params}</arg>
<arg>ELSE IF</arg>
<arg>${path.__contains__("专网")}</arg>
<arg>GET</arg>
<arg>${pvt-base-url}</arg>
<arg>path=${path.replace("专网","edl-专网-移动端")}</arg>
<arg>headers=${headers}</arg>
<arg>params=${params}</arg>
<arg>ELSE</arg>
<arg>GET</arg>
<arg>${path}</arg>
<arg>headers=${headers}</arg>
<arg>params=${params}</arg>
</arguments>
<assign>
<var>${response}</var>
</assign>
<kw name="GET" library="RequestsRF">
<arguments>
<arg>${pub-base-url}</arg>
<arg>path=${path.replace("公网","edl-公网-移动端")}</arg>
<arg>headers=${headers}</arg>
<arg>params=${params}</arg>
</arguments>
<status status="PASS" starttime="20191024 20:42:41.426" endtime="20191024 20:42:41.465"></status>
</kw>
<msg timestamp="20191024 20:42:41.465" level="INFO">${response} = &lt;Response [200]&gt;</msg>
<status status="PASS" starttime="20191024 20:42:41.425" endtime="20191024 20:42:41.465"></status>
</kw>
<kw name="Should Be Equal" library="BuiltIn">
<doc>Fails if the given objects are unequal.</doc>
<arguments>
<arg>${response.status_code}</arg>
<arg>${200}</arg>
<arg>msg=${response.text}</arg>
</arguments>
<status status="PASS" starttime="20191024 20:42:41.465" endtime="20191024 20:42:41.465"></status>
</kw>
<msg timestamp="20191024 20:42:41.466" level="INFO">${response} = &lt;Response [200]&gt;</msg>
<status status="PASS" starttime="20191024 20:42:41.411" endtime="20191024 20:42:41.466"></status>
</kw>
<kw name="response should be correct" library="Keywords&amp;Variables">
<arguments>
<arg>${response}</arg>
<arg>expected_value=${expected}</arg>
</arguments>
<kw name="Set Variable" library="BuiltIn">
<doc>Returns the given values which can then be assigned to a variables.</doc>
<arguments>
<arg>${response.headers['Content-Type']}</arg>
</arguments>
<assign>
<var>${contentType}</var>
</assign>
<msg timestamp="20191024 20:42:41.466" level="INFO">${contentType} = application/json;charset=UTF-8</msg>
<status status="PASS" starttime="20191024 20:42:41.466" endtime="20191024 20:42:41.466"></status>
</kw>
<kw name="Run Keyword If" library="BuiltIn">
<doc>Runs the given keyword with the given arguments, if ``condition`` is true.</doc>
<arguments>
<arg>${contentType.__contains__('json')}</arg>
<arg>json should contains</arg>
<arg>${response.json()}</arg>
<arg>${expected_value}</arg>
<arg>ELSE</arg>
<arg>should not be equal</arg>
<arg>${response.headers['Content-Length']}</arg>
<arg>0</arg>
<arg>msg=请求图片失败</arg>
</arguments>
<kw name="Json Should Contains" library="CommonTools">
<arguments>
<arg>${response.json()}</arg>
<arg>${expected_value}</arg>
</arguments>
<status status="PASS" starttime="20191024 20:42:41.466" endtime="20191024 20:42:41.467"></status>
</kw>
<status status="PASS" starttime="20191024 20:42:41.466" endtime="20191024 20:42:41.467"></status>
</kw>
<status status="PASS" starttime="20191024 20:42:41.466" endtime="20191024 20:42:41.467"></status>
</kw>
<status status="PASS" starttime="20191024 20:42:41.411" endtime="20191024 20:42:41.467"></status>
</kw>
<kw name="send get request and verify" library="Keywords&amp;Variables">
<arguments>
<arg>公网》获取广告</arg>
<arg>type=index</arg>
</arguments>
<kw name="send get" library="Keywords&amp;Variables">
<arguments>
<arg>${path}</arg>
<arg>&amp;{params}</arg>
</arguments>
<assign>
<var>${response}</var>
</assign>
<kw name="Log" library="BuiltIn">
<doc>Logs the given message with the given level.</doc>
<arguments>
<arg>请求参数：${path},${headers},${params}</arg>
</arguments>
<msg timestamp="20191024 20:42:41.468" level="INFO">请求参数：公网》获取广告,{'Device-Name': 'OPPO+A83', 'Device-Model': 'OPPO OPPO A83', 'City-Code': '520100', 'version': '1.7.1', 'Device-Type': 'Android', 'Device-Code': 'ffffffffc2c1b527ffffffffc2c1b527', 'Token': 'eTir/N9Z7ddMjuvo8M5MJWRLAWrlJ7pUlUe2+eYszHJumBknucBL6nuzBdYWFTWIpFiiDNjxV7Ehw32usHdd6VMFs0k7Rm70FcoDPkTEvyWquKXlDB6j1dsnMB2wn/B4QDfvNt9azAT+idHo349mOD+R4cCz9N0IPyQN8JR67/W0Se+CW/teW+1DE70HDMY+0lrm01ftft627SGVsnr6ApGfseoLUy9tQL+DW0n4rkhdvqfHhZrcA+e8dlwoUKVK3HxWphh03aMoTqKSBReJ21/bcG4SKOxQTYTmEBzCWrNokS3hW9COGFKPgGBiodwS', 'Pvt-Token': 'eyJhbGciOiJIUzI1NiIsInppcCI6IkRFRiJ9.eNpcjE0KgCAUBu_y1hHvM8WfQ3QHMyMpC7JW0d1z0arZDQxzUyqFHM1pCUf0Z2zDnqmh5E9yUBpWsIFpqFxDzZRgMGCNZstQEnAds2Q3fQQRMCih_16Xx77G3udYN37MaaPnBQAA__8.f0RkqriKd8vVcLmh_H7Bj56-KWG6hOV4ZwCWrMFbtXU'},{'type': 'index'}</msg>
<status status="PASS" starttime="20191024 20:42:41.467" endtime="20191024 20:42:41.468"></status>
</kw>
<kw name="Run Keyword If" library="BuiltIn">
<doc>Runs the given keyword with the given arguments, if ``condition`` is true.</doc>
<arguments>
<arg>${path.__contains__("公网")}</arg>
<arg>GET</arg>
<arg>${pub-base-url}</arg>
<arg>path=${path.replace("公网","edl-公网-移动端")}</arg>
<arg>headers=${headers}</arg>
<arg>params=${params}</arg>
<arg>ELSE IF</arg>
<arg>${path.__contains__("专网")}</arg>
<arg>GET</arg>
<arg>${pvt-base-url}</arg>
<arg>path=${path.replace("专网","edl-专网-移动端")}</arg>
<arg>headers=${headers}</arg>
<arg>params=${params}</arg>
<arg>ELSE</arg>
<arg>GET</arg>
<arg>${path}</arg>
<arg>headers=${headers}</arg>
<arg>params=${params}</arg>
</arguments>
<assign>
<var>${response}</var>
</assign>
<kw name="GET" library="RequestsRF">
<arguments>
<arg>${pub-base-url}</arg>
<arg>path=${path.replace("公网","edl-公网-移动端")}</arg>
<arg>headers=${headers}</arg>
<arg>params=${params}</arg>
</arguments>
<status status="PASS" starttime="20191024 20:42:41.468" endtime="20191024 20:42:41.491"></status>
</kw>
<msg timestamp="20191024 20:42:41.491" level="INFO">${response} = &lt;Response [200]&gt;</msg>
<status status="PASS" starttime="20191024 20:42:41.468" endtime="20191024 20:42:41.491"></status>
</kw>
<kw name="Should Be Equal" library="BuiltIn">
<doc>Fails if the given objects are unequal.</doc>
<arguments>
<arg>${response.status_code}</arg>
<arg>${200}</arg>
<arg>msg=${response.text}</arg>
</arguments>
<status status="PASS" starttime="20191024 20:42:41.492" endtime="20191024 20:42:41.492"></status>
</kw>
<msg timestamp="20191024 20:42:41.492" level="INFO">${response} = &lt;Response [200]&gt;</msg>
<status status="PASS" starttime="20191024 20:42:41.467" endtime="20191024 20:42:41.492"></status>
</kw>
<kw name="response should be correct" library="Keywords&amp;Variables">
<arguments>
<arg>${response}</arg>
<arg>expected_value=${expected}</arg>
</arguments>
<kw name="Set Variable" library="BuiltIn">
<doc>Returns the given values which can then be assigned to a variables.</doc>
<arguments>
<arg>${response.headers['Content-Type']}</arg>
</arguments>
<assign>
<var>${contentType}</var>
</assign>
<msg timestamp="20191024 20:42:41.493" level="INFO">${contentType} = application/json;charset=UTF-8</msg>
<status status="PASS" starttime="20191024 20:42:41.492" endtime="20191024 20:42:41.493"></status>
</kw>
<kw name="Run Keyword If" library="BuiltIn">
<doc>Runs the given keyword with the given arguments, if ``condition`` is true.</doc>
<arguments>
<arg>${contentType.__contains__('json')}</arg>
<arg>json should contains</arg>
<arg>${response.json()}</arg>
<arg>${expected_value}</arg>
<arg>ELSE</arg>
<arg>should not be equal</arg>
<arg>${response.headers['Content-Length']}</arg>
<arg>0</arg>
<arg>msg=请求图片失败</arg>
</arguments>
<kw name="Json Should Contains" library="CommonTools">
<arguments>
<arg>${response.json()}</arg>
<arg>${expected_value}</arg>
</arguments>
<status status="PASS" starttime="20191024 20:42:41.493" endtime="20191024 20:42:41.493"></status>
</kw>
<status status="PASS" starttime="20191024 20:42:41.493" endtime="20191024 20:42:41.493"></status>
</kw>
<status status="PASS" starttime="20191024 20:42:41.492" endtime="20191024 20:42:41.493"></status>
</kw>
<status status="PASS" starttime="20191024 20:42:41.467" endtime="20191024 20:42:41.493"></status>
</kw>
<kw name="send get request and verify" library="Keywords&amp;Variables">
<arguments>
<arg>公网》获取首页资讯</arg>
</arguments>
<kw name="send get" library="Keywords&amp;Variables">
<arguments>
<arg>${path}</arg>
<arg>&amp;{params}</arg>
</arguments>
<assign>
<var>${response}</var>
</assign>
<kw name="Log" library="BuiltIn">
<doc>Logs the given message with the given level.</doc>
<arguments>
<arg>请求参数：${path},${headers},${params}</arg>
</arguments>
<msg timestamp="20191024 20:42:41.494" level="INFO">请求参数：公网》获取首页资讯,{'Device-Name': 'OPPO+A83', 'Device-Model': 'OPPO OPPO A83', 'City-Code': '520100', 'version': '1.7.1', 'Device-Type': 'Android', 'Device-Code': 'ffffffffc2c1b527ffffffffc2c1b527', 'Token': 'eTir/N9Z7ddMjuvo8M5MJWRLAWrlJ7pUlUe2+eYszHJumBknucBL6nuzBdYWFTWIpFiiDNjxV7Ehw32usHdd6VMFs0k7Rm70FcoDPkTEvyWquKXlDB6j1dsnMB2wn/B4QDfvNt9azAT+idHo349mOD+R4cCz9N0IPyQN8JR67/W0Se+CW/teW+1DE70HDMY+0lrm01ftft627SGVsnr6ApGfseoLUy9tQL+DW0n4rkhdvqfHhZrcA+e8dlwoUKVK3HxWphh03aMoTqKSBReJ21/bcG4SKOxQTYTmEBzCWrNokS3hW9COGFKPgGBiodwS', 'Pvt-Token': 'eyJhbGciOiJIUzI1NiIsInppcCI6IkRFRiJ9.eNpcjE0KgCAUBu_y1hHvM8WfQ3QHMyMpC7JW0d1z0arZDQxzUyqFHM1pCUf0Z2zDnqmh5E9yUBpWsIFpqFxDzZRgMGCNZstQEnAds2Q3fQQRMCih_16Xx77G3udYN37MaaPnBQAA__8.f0RkqriKd8vVcLmh_H7Bj56-KWG6hOV4ZwCWrMFbtXU'},{}</msg>
<status status="PASS" starttime="20191024 20:42:41.494" endtime="20191024 20:42:41.494"></status>
</kw>
<kw name="Run Keyword If" library="BuiltIn">
<doc>Runs the given keyword with the given arguments, if ``condition`` is true.</doc>
<arguments>
<arg>${path.__contains__("公网")}</arg>
<arg>GET</arg>
<arg>${pub-base-url}</arg>
<arg>path=${path.replace("公网","edl-公网-移动端")}</arg>
<arg>headers=${headers}</arg>
<arg>params=${params}</arg>
<arg>ELSE IF</arg>
<arg>${path.__contains__("专网")}</arg>
<arg>GET</arg>
<arg>${pvt-base-url}</arg>
<arg>path=${path.replace("专网","edl-专网-移动端")}</arg>
<arg>headers=${headers}</arg>
<arg>params=${params}</arg>
<arg>ELSE</arg>
<arg>GET</arg>
<arg>${path}</arg>
<arg>headers=${headers}</arg>
<arg>params=${params}</arg>
</arguments>
<assign>
<var>${response}</var>
</assign>
<kw name="GET" library="RequestsRF">
<arguments>
<arg>${pub-base-url}</arg>
<arg>path=${path.replace("公网","edl-公网-移动端")}</arg>
<arg>headers=${headers}</arg>
<arg>params=${params}</arg>
</arguments>
<status status="PASS" starttime="20191024 20:42:41.495" endtime="20191024 20:42:41.526"></status>
</kw>
<msg timestamp="20191024 20:42:41.526" level="INFO">${response} = &lt;Response [200]&gt;</msg>
<status status="PASS" starttime="20191024 20:42:41.494" endtime="20191024 20:42:41.526"></status>
</kw>
<kw name="Should Be Equal" library="BuiltIn">
<doc>Fails if the given objects are unequal.</doc>
<arguments>
<arg>${response.status_code}</arg>
<arg>${200}</arg>
<arg>msg=${response.text}</arg>
</arguments>
<status status="PASS" starttime="20191024 20:42:41.527" endtime="20191024 20:42:41.528"></status>
</kw>
<msg timestamp="20191024 20:42:41.529" level="INFO">${response} = &lt;Response [200]&gt;</msg>
<status status="PASS" starttime="20191024 20:42:41.494" endtime="20191024 20:42:41.529"></status>
</kw>
<kw name="response should be correct" library="Keywords&amp;Variables">
<arguments>
<arg>${response}</arg>
<arg>expected_value=${expected}</arg>
</arguments>
<kw name="Set Variable" library="BuiltIn">
<doc>Returns the given values which can then be assigned to a variables.</doc>
<arguments>
<arg>${response.headers['Content-Type']}</arg>
</arguments>
<assign>
<var>${contentType}</var>
</assign>
<msg timestamp="20191024 20:42:41.531" level="INFO">${contentType} = application/json;charset=UTF-8</msg>
<status status="PASS" starttime="20191024 20:42:41.530" endtime="20191024 20:42:41.531"></status>
</kw>
<kw name="Run Keyword If" library="BuiltIn">
<doc>Runs the given keyword with the given arguments, if ``condition`` is true.</doc>
<arguments>
<arg>${contentType.__contains__('json')}</arg>
<arg>json should contains</arg>
<arg>${response.json()}</arg>
<arg>${expected_value}</arg>
<arg>ELSE</arg>
<arg>should not be equal</arg>
<arg>${response.headers['Content-Length']}</arg>
<arg>0</arg>
<arg>msg=请求图片失败</arg>
</arguments>
<kw name="Json Should Contains" library="CommonTools">
<arguments>
<arg>${response.json()}</arg>
<arg>${expected_value}</arg>
</arguments>
<status status="PASS" starttime="20191024 20:42:41.533" endtime="20191024 20:42:41.534"></status>
</kw>
<status status="PASS" starttime="20191024 20:42:41.532" endtime="20191024 20:42:41.534"></status>
</kw>
<status status="PASS" starttime="20191024 20:42:41.529" endtime="20191024 20:42:41.534"></status>
</kw>
<status status="PASS" starttime="20191024 20:42:41.493" endtime="20191024 20:42:41.535"></status>
</kw>
<kw name="send get request and verify" library="Keywords&amp;Variables">
<arguments>
<arg>公网》获取用户个人信息</arg>
</arguments>
<kw name="send get" library="Keywords&amp;Variables">
<arguments>
<arg>${path}</arg>
<arg>&amp;{params}</arg>
</arguments>
<assign>
<var>${response}</var>
</assign>
<kw name="Log" library="BuiltIn">
<doc>Logs the given message with the given level.</doc>
<arguments>
<arg>请求参数：${path},${headers},${params}</arg>
</arguments>
<msg timestamp="20191024 20:42:41.538" level="INFO">请求参数：公网》获取用户个人信息,{'Device-Name': 'OPPO+A83', 'Device-Model': 'OPPO OPPO A83', 'City-Code': '520100', 'version': '1.7.1', 'Device-Type': 'Android', 'Device-Code': 'ffffffffc2c1b527ffffffffc2c1b527', 'Token': 'eTir/N9Z7ddMjuvo8M5MJWRLAWrlJ7pUlUe2+eYszHJumBknucBL6nuzBdYWFTWIpFiiDNjxV7Ehw32usHdd6VMFs0k7Rm70FcoDPkTEvyWquKXlDB6j1dsnMB2wn/B4QDfvNt9azAT+idHo349mOD+R4cCz9N0IPyQN8JR67/W0Se+CW/teW+1DE70HDMY+0lrm01ftft627SGVsnr6ApGfseoLUy9tQL+DW0n4rkhdvqfHhZrcA+e8dlwoUKVK3HxWphh03aMoTqKSBReJ21/bcG4SKOxQTYTmEBzCWrNokS3hW9COGFKPgGBiodwS', 'Pvt-Token': 'eyJhbGciOiJIUzI1NiIsInppcCI6IkRFRiJ9.eNpcjE0KgCAUBu_y1hHvM8WfQ3QHMyMpC7JW0d1z0arZDQxzUyqFHM1pCUf0Z2zDnqmh5E9yUBpWsIFpqFxDzZRgMGCNZstQEnAds2Q3fQQRMCih_16Xx77G3udYN37MaaPnBQAA__8.f0RkqriKd8vVcLmh_H7Bj56-KWG6hOV4ZwCWrMFbtXU'},{}</msg>
<status status="PASS" starttime="20191024 20:42:41.537" endtime="20191024 20:42:41.538"></status>
</kw>
<kw name="Run Keyword If" library="BuiltIn">
<doc>Runs the given keyword with the given arguments, if ``condition`` is true.</doc>
<arguments>
<arg>${path.__contains__("公网")}</arg>
<arg>GET</arg>
<arg>${pub-base-url}</arg>
<arg>path=${path.replace("公网","edl-公网-移动端")}</arg>
<arg>headers=${headers}</arg>
<arg>params=${params}</arg>
<arg>ELSE IF</arg>
<arg>${path.__contains__("专网")}</arg>
<arg>GET</arg>
<arg>${pvt-base-url}</arg>
<arg>path=${path.replace("专网","edl-专网-移动端")}</arg>
<arg>headers=${headers}</arg>
<arg>params=${params}</arg>
<arg>ELSE</arg>
<arg>GET</arg>
<arg>${path}</arg>
<arg>headers=${headers}</arg>
<arg>params=${params}</arg>
</arguments>
<assign>
<var>${response}</var>
</assign>
<kw name="GET" library="RequestsRF">
<arguments>
<arg>${pub-base-url}</arg>
<arg>path=${path.replace("公网","edl-公网-移动端")}</arg>
<arg>headers=${headers}</arg>
<arg>params=${params}</arg>
</arguments>
<status status="PASS" starttime="20191024 20:42:41.540" endtime="20191024 20:42:41.618"></status>
</kw>
<msg timestamp="20191024 20:42:41.618" level="INFO">${response} = &lt;Response [200]&gt;</msg>
<status status="PASS" starttime="20191024 20:42:41.539" endtime="20191024 20:42:41.618"></status>
</kw>
<kw name="Should Be Equal" library="BuiltIn">
<doc>Fails if the given objects are unequal.</doc>
<arguments>
<arg>${response.status_code}</arg>
<arg>${200}</arg>
<arg>msg=${response.text}</arg>
</arguments>
<status status="PASS" starttime="20191024 20:42:41.618" endtime="20191024 20:42:41.619"></status>
</kw>
<msg timestamp="20191024 20:42:41.619" level="INFO">${response} = &lt;Response [200]&gt;</msg>
<status status="PASS" starttime="20191024 20:42:41.536" endtime="20191024 20:42:41.619"></status>
</kw>
<kw name="response should be correct" library="Keywords&amp;Variables">
<arguments>
<arg>${response}</arg>
<arg>expected_value=${expected}</arg>
</arguments>
<kw name="Set Variable" library="BuiltIn">
<doc>Returns the given values which can then be assigned to a variables.</doc>
<arguments>
<arg>${response.headers['Content-Type']}</arg>
</arguments>
<assign>
<var>${contentType}</var>
</assign>
<msg timestamp="20191024 20:42:41.619" level="INFO">${contentType} = application/json;charset=UTF-8</msg>
<status status="PASS" starttime="20191024 20:42:41.619" endtime="20191024 20:42:41.619"></status>
</kw>
<kw name="Run Keyword If" library="BuiltIn">
<doc>Runs the given keyword with the given arguments, if ``condition`` is true.</doc>
<arguments>
<arg>${contentType.__contains__('json')}</arg>
<arg>json should contains</arg>
<arg>${response.json()}</arg>
<arg>${expected_value}</arg>
<arg>ELSE</arg>
<arg>should not be equal</arg>
<arg>${response.headers['Content-Length']}</arg>
<arg>0</arg>
<arg>msg=请求图片失败</arg>
</arguments>
<kw name="Json Should Contains" library="CommonTools">
<arguments>
<arg>${response.json()}</arg>
<arg>${expected_value}</arg>
</arguments>
<status status="PASS" starttime="20191024 20:42:41.620" endtime="20191024 20:42:41.620"></status>
</kw>
<status status="PASS" starttime="20191024 20:42:41.619" endtime="20191024 20:42:41.620"></status>
</kw>
<status status="PASS" starttime="20191024 20:42:41.619" endtime="20191024 20:42:41.620"></status>
</kw>
<status status="PASS" starttime="20191024 20:42:41.535" endtime="20191024 20:42:41.620"></status>
</kw>
<kw name="send get request and verify" library="Keywords&amp;Variables">
<arguments>
<arg>公网》【意见反馈】是否未读</arg>
</arguments>
<kw name="send get" library="Keywords&amp;Variables">
<arguments>
<arg>${path}</arg>
<arg>&amp;{params}</arg>
</arguments>
<assign>
<var>${response}</var>
</assign>
<kw name="Log" library="BuiltIn">
<doc>Logs the given message with the given level.</doc>
<arguments>
<arg>请求参数：${path},${headers},${params}</arg>
</arguments>
<msg timestamp="20191024 20:42:41.621" level="INFO">请求参数：公网》【意见反馈】是否未读,{'Device-Name': 'OPPO+A83', 'Device-Model': 'OPPO OPPO A83', 'City-Code': '520100', 'version': '1.7.1', 'Device-Type': 'Android', 'Device-Code': 'ffffffffc2c1b527ffffffffc2c1b527', 'Token': 'eTir/N9Z7ddMjuvo8M5MJWRLAWrlJ7pUlUe2+eYszHJumBknucBL6nuzBdYWFTWIpFiiDNjxV7Ehw32usHdd6VMFs0k7Rm70FcoDPkTEvyWquKXlDB6j1dsnMB2wn/B4QDfvNt9azAT+idHo349mOD+R4cCz9N0IPyQN8JR67/W0Se+CW/teW+1DE70HDMY+0lrm01ftft627SGVsnr6ApGfseoLUy9tQL+DW0n4rkhdvqfHhZrcA+e8dlwoUKVK3HxWphh03aMoTqKSBReJ21/bcG4SKOxQTYTmEBzCWrNokS3hW9COGFKPgGBiodwS', 'Pvt-Token': 'eyJhbGciOiJIUzI1NiIsInppcCI6IkRFRiJ9.eNpcjE0KgCAUBu_y1hHvM8WfQ3QHMyMpC7JW0d1z0arZDQxzUyqFHM1pCUf0Z2zDnqmh5E9yUBpWsIFpqFxDzZRgMGCNZstQEnAds2Q3fQQRMCih_16Xx77G3udYN37MaaPnBQAA__8.f0RkqriKd8vVcLmh_H7Bj56-KWG6hOV4ZwCWrMFbtXU'},{}</msg>
<status status="PASS" starttime="20191024 20:42:41.621" endtime="20191024 20:42:41.621"></status>
</kw>
<kw name="Run Keyword If" library="BuiltIn">
<doc>Runs the given keyword with the given arguments, if ``condition`` is true.</doc>
<arguments>
<arg>${path.__contains__("公网")}</arg>
<arg>GET</arg>
<arg>${pub-base-url}</arg>
<arg>path=${path.replace("公网","edl-公网-移动端")}</arg>
<arg>headers=${headers}</arg>
<arg>params=${params}</arg>
<arg>ELSE IF</arg>
<arg>${path.__contains__("专网")}</arg>
<arg>GET</arg>
<arg>${pvt-base-url}</arg>
<arg>path=${path.replace("专网","edl-专网-移动端")}</arg>
<arg>headers=${headers}</arg>
<arg>params=${params}</arg>
<arg>ELSE</arg>
<arg>GET</arg>
<arg>${path}</arg>
<arg>headers=${headers}</arg>
<arg>params=${params}</arg>
</arguments>
<assign>
<var>${response}</var>
</assign>
<kw name="GET" library="RequestsRF">
<arguments>
<arg>${pub-base-url}</arg>
<arg>path=${path.replace("公网","edl-公网-移动端")}</arg>
<arg>headers=${headers}</arg>
<arg>params=${params}</arg>
</arguments>
<status status="PASS" starttime="20191024 20:42:41.622" endtime="20191024 20:42:41.665"></status>
</kw>
<msg timestamp="20191024 20:42:41.665" level="INFO">${response} = &lt;Response [200]&gt;</msg>
<status status="PASS" starttime="20191024 20:42:41.621" endtime="20191024 20:42:41.665"></status>
</kw>
<kw name="Should Be Equal" library="BuiltIn">
<doc>Fails if the given objects are unequal.</doc>
<arguments>
<arg>${response.status_code}</arg>
<arg>${200}</arg>
<arg>msg=${response.text}</arg>
</arguments>
<status status="PASS" starttime="20191024 20:42:41.665" endtime="20191024 20:42:41.665"></status>
</kw>
<msg timestamp="20191024 20:42:41.665" level="INFO">${response} = &lt;Response [200]&gt;</msg>
<status status="PASS" starttime="20191024 20:42:41.620" endtime="20191024 20:42:41.665"></status>
</kw>
<kw name="response should be correct" library="Keywords&amp;Variables">
<arguments>
<arg>${response}</arg>
<arg>expected_value=${expected}</arg>
</arguments>
<kw name="Set Variable" library="BuiltIn">
<doc>Returns the given values which can then be assigned to a variables.</doc>
<arguments>
<arg>${response.headers['Content-Type']}</arg>
</arguments>
<assign>
<var>${contentType}</var>
</assign>
<msg timestamp="20191024 20:42:41.666" level="INFO">${contentType} = application/json;charset=UTF-8</msg>
<status status="PASS" starttime="20191024 20:42:41.666" endtime="20191024 20:42:41.666"></status>
</kw>
<kw name="Run Keyword If" library="BuiltIn">
<doc>Runs the given keyword with the given arguments, if ``condition`` is true.</doc>
<arguments>
<arg>${contentType.__contains__('json')}</arg>
<arg>json should contains</arg>
<arg>${response.json()}</arg>
<arg>${expected_value}</arg>
<arg>ELSE</arg>
<arg>should not be equal</arg>
<arg>${response.headers['Content-Length']}</arg>
<arg>0</arg>
<arg>msg=请求图片失败</arg>
</arguments>
<kw name="Json Should Contains" library="CommonTools">
<arguments>
<arg>${response.json()}</arg>
<arg>${expected_value}</arg>
</arguments>
<status status="PASS" starttime="20191024 20:42:41.666" endtime="20191024 20:42:41.666"></status>
</kw>
<status status="PASS" starttime="20191024 20:42:41.666" endtime="20191024 20:42:41.666"></status>
</kw>
<status status="PASS" starttime="20191024 20:42:41.665" endtime="20191024 20:42:41.666"></status>
</kw>
<status status="PASS" starttime="20191024 20:42:41.620" endtime="20191024 20:42:41.667"></status>
</kw>
<kw name="send get request and verify" library="Keywords&amp;Variables">
<arguments>
<arg>公网》限行语音播报</arg>
</arguments>
<kw name="send get" library="Keywords&amp;Variables">
<arguments>
<arg>${path}</arg>
<arg>&amp;{params}</arg>
</arguments>
<assign>
<var>${response}</var>
</assign>
<kw name="Log" library="BuiltIn">
<doc>Logs the given message with the given level.</doc>
<arguments>
<arg>请求参数：${path},${headers},${params}</arg>
</arguments>
<msg timestamp="20191024 20:42:41.667" level="INFO">请求参数：公网》限行语音播报,{'Device-Name': 'OPPO+A83', 'Device-Model': 'OPPO OPPO A83', 'City-Code': '520100', 'version': '1.7.1', 'Device-Type': 'Android', 'Device-Code': 'ffffffffc2c1b527ffffffffc2c1b527', 'Token': 'eTir/N9Z7ddMjuvo8M5MJWRLAWrlJ7pUlUe2+eYszHJumBknucBL6nuzBdYWFTWIpFiiDNjxV7Ehw32usHdd6VMFs0k7Rm70FcoDPkTEvyWquKXlDB6j1dsnMB2wn/B4QDfvNt9azAT+idHo349mOD+R4cCz9N0IPyQN8JR67/W0Se+CW/teW+1DE70HDMY+0lrm01ftft627SGVsnr6ApGfseoLUy9tQL+DW0n4rkhdvqfHhZrcA+e8dlwoUKVK3HxWphh03aMoTqKSBReJ21/bcG4SKOxQTYTmEBzCWrNokS3hW9COGFKPgGBiodwS', 'Pvt-Token': 'eyJhbGciOiJIUzI1NiIsInppcCI6IkRFRiJ9.eNpcjE0KgCAUBu_y1hHvM8WfQ3QHMyMpC7JW0d1z0arZDQxzUyqFHM1pCUf0Z2zDnqmh5E9yUBpWsIFpqFxDzZRgMGCNZstQEnAds2Q3fQQRMCih_16Xx77G3udYN37MaaPnBQAA__8.f0RkqriKd8vVcLmh_H7Bj56-KWG6hOV4ZwCWrMFbtXU'},{}</msg>
<status status="PASS" starttime="20191024 20:42:41.667" endtime="20191024 20:42:41.667"></status>
</kw>
<kw name="Run Keyword If" library="BuiltIn">
<doc>Runs the given keyword with the given arguments, if ``condition`` is true.</doc>
<arguments>
<arg>${path.__contains__("公网")}</arg>
<arg>GET</arg>
<arg>${pub-base-url}</arg>
<arg>path=${path.replace("公网","edl-公网-移动端")}</arg>
<arg>headers=${headers}</arg>
<arg>params=${params}</arg>
<arg>ELSE IF</arg>
<arg>${path.__contains__("专网")}</arg>
<arg>GET</arg>
<arg>${pvt-base-url}</arg>
<arg>path=${path.replace("专网","edl-专网-移动端")}</arg>
<arg>headers=${headers}</arg>
<arg>params=${params}</arg>
<arg>ELSE</arg>
<arg>GET</arg>
<arg>${path}</arg>
<arg>headers=${headers}</arg>
<arg>params=${params}</arg>
</arguments>
<assign>
<var>${response}</var>
</assign>
<kw name="GET" library="RequestsRF">
<arguments>
<arg>${pub-base-url}</arg>
<arg>path=${path.replace("公网","edl-公网-移动端")}</arg>
<arg>headers=${headers}</arg>
<arg>params=${params}</arg>
</arguments>
<status status="PASS" starttime="20191024 20:42:41.668" endtime="20191024 20:42:41.970"></status>
</kw>
<msg timestamp="20191024 20:42:41.970" level="INFO">${response} = &lt;Response [200]&gt;</msg>
<status status="PASS" starttime="20191024 20:42:41.667" endtime="20191024 20:42:41.970"></status>
</kw>
<kw name="Should Be Equal" library="BuiltIn">
<doc>Fails if the given objects are unequal.</doc>
<arguments>
<arg>${response.status_code}</arg>
<arg>${200}</arg>
<arg>msg=${response.text}</arg>
</arguments>
<status status="PASS" starttime="20191024 20:42:41.970" endtime="20191024 20:42:41.970"></status>
</kw>
<msg timestamp="20191024 20:42:41.970" level="INFO">${response} = &lt;Response [200]&gt;</msg>
<status status="PASS" starttime="20191024 20:42:41.667" endtime="20191024 20:42:41.970"></status>
</kw>
<kw name="response should be correct" library="Keywords&amp;Variables">
<arguments>
<arg>${response}</arg>
<arg>expected_value=${expected}</arg>
</arguments>
<kw name="Set Variable" library="BuiltIn">
<doc>Returns the given values which can then be assigned to a variables.</doc>
<arguments>
<arg>${response.headers['Content-Type']}</arg>
</arguments>
<assign>
<var>${contentType}</var>
</assign>
<msg timestamp="20191024 20:42:41.971" level="INFO">${contentType} = application/json;charset=UTF-8</msg>
<status status="PASS" starttime="20191024 20:42:41.971" endtime="20191024 20:42:41.971"></status>
</kw>
<kw name="Run Keyword If" library="BuiltIn">
<doc>Runs the given keyword with the given arguments, if ``condition`` is true.</doc>
<arguments>
<arg>${contentType.__contains__('json')}</arg>
<arg>json should contains</arg>
<arg>${response.json()}</arg>
<arg>${expected_value}</arg>
<arg>ELSE</arg>
<arg>should not be equal</arg>
<arg>${response.headers['Content-Length']}</arg>
<arg>0</arg>
<arg>msg=请求图片失败</arg>
</arguments>
<kw name="Json Should Contains" library="CommonTools">
<arguments>
<arg>${response.json()}</arg>
<arg>${expected_value}</arg>
</arguments>
<status status="PASS" starttime="20191024 20:42:41.971" endtime="20191024 20:42:41.972"></status>
</kw>
<status status="PASS" starttime="20191024 20:42:41.971" endtime="20191024 20:42:41.972"></status>
</kw>
<status status="PASS" starttime="20191024 20:42:41.971" endtime="20191024 20:42:41.972"></status>
</kw>
<status status="PASS" starttime="20191024 20:42:41.667" endtime="20191024 20:42:41.972"></status>
</kw>
<kw name="send get request and verify" library="Keywords&amp;Variables">
<arguments>
<arg>专网》获取卡片信息</arg>
</arguments>
<kw name="send get" library="Keywords&amp;Variables">
<arguments>
<arg>${path}</arg>
<arg>&amp;{params}</arg>
</arguments>
<assign>
<var>${response}</var>
</assign>
<kw name="Log" library="BuiltIn">
<doc>Logs the given message with the given level.</doc>
<arguments>
<arg>请求参数：${path},${headers},${params}</arg>
</arguments>
<msg timestamp="20191024 20:42:41.973" level="INFO">请求参数：专网》获取卡片信息,{'Device-Name': 'OPPO+A83', 'Device-Model': 'OPPO OPPO A83', 'City-Code': '520100', 'version': '1.7.1', 'Device-Type': 'Android', 'Device-Code': 'ffffffffc2c1b527ffffffffc2c1b527', 'Token': 'eTir/N9Z7ddMjuvo8M5MJWRLAWrlJ7pUlUe2+eYszHJumBknucBL6nuzBdYWFTWIpFiiDNjxV7Ehw32usHdd6VMFs0k7Rm70FcoDPkTEvyWquKXlDB6j1dsnMB2wn/B4QDfvNt9azAT+idHo349mOD+R4cCz9N0IPyQN8JR67/W0Se+CW/teW+1DE70HDMY+0lrm01ftft627SGVsnr6ApGfseoLUy9tQL+DW0n4rkhdvqfHhZrcA+e8dlwoUKVK3HxWphh03aMoTqKSBReJ21/bcG4SKOxQTYTmEBzCWrNokS3hW9COGFKPgGBiodwS', 'Pvt-Token': 'eyJhbGciOiJIUzI1NiIsInppcCI6IkRFRiJ9.eNpcjE0KgCAUBu_y1hHvM8WfQ3QHMyMpC7JW0d1z0arZDQxzUyqFHM1pCUf0Z2zDnqmh5E9yUBpWsIFpqFxDzZRgMGCNZstQEnAds2Q3fQQRMCih_16Xx77G3udYN37MaaPnBQAA__8.f0RkqriKd8vVcLmh_H7Bj56-KWG6hOV4ZwCWrMFbtXU'},{}</msg>
<status status="PASS" starttime="20191024 20:42:41.972" endtime="20191024 20:42:41.973"></status>
</kw>
<kw name="Run Keyword If" library="BuiltIn">
<doc>Runs the given keyword with the given arguments, if ``condition`` is true.</doc>
<arguments>
<arg>${path.__contains__("公网")}</arg>
<arg>GET</arg>
<arg>${pub-base-url}</arg>
<arg>path=${path.replace("公网","edl-公网-移动端")}</arg>
<arg>headers=${headers}</arg>
<arg>params=${params}</arg>
<arg>ELSE IF</arg>
<arg>${path.__contains__("专网")}</arg>
<arg>GET</arg>
<arg>${pvt-base-url}</arg>
<arg>path=${path.replace("专网","edl-专网-移动端")}</arg>
<arg>headers=${headers}</arg>
<arg>params=${params}</arg>
<arg>ELSE</arg>
<arg>GET</arg>
<arg>${path}</arg>
<arg>headers=${headers}</arg>
<arg>params=${params}</arg>
</arguments>
<assign>
<var>${response}</var>
</assign>
<kw name="GET" library="RequestsRF">
<arguments>
<arg>${pvt-base-url}</arg>
<arg>path=${path.replace("专网","edl-专网-移动端")}</arg>
<arg>headers=${headers}</arg>
<arg>params=${params}</arg>
</arguments>
<status status="PASS" starttime="20191024 20:42:41.973" endtime="20191024 20:42:42.742"></status>
</kw>
<msg timestamp="20191024 20:42:42.742" level="INFO">${response} = &lt;Response [200]&gt;</msg>
<status status="PASS" starttime="20191024 20:42:41.973" endtime="20191024 20:42:42.742"></status>
</kw>
<kw name="Should Be Equal" library="BuiltIn">
<doc>Fails if the given objects are unequal.</doc>
<arguments>
<arg>${response.status_code}</arg>
<arg>${200}</arg>
<arg>msg=${response.text}</arg>
</arguments>
<status status="PASS" starttime="20191024 20:42:42.742" endtime="20191024 20:42:42.742"></status>
</kw>
<msg timestamp="20191024 20:42:42.742" level="INFO">${response} = &lt;Response [200]&gt;</msg>
<status status="PASS" starttime="20191024 20:42:41.972" endtime="20191024 20:42:42.742"></status>
</kw>
<kw name="response should be correct" library="Keywords&amp;Variables">
<arguments>
<arg>${response}</arg>
<arg>expected_value=${expected}</arg>
</arguments>
<kw name="Set Variable" library="BuiltIn">
<doc>Returns the given values which can then be assigned to a variables.</doc>
<arguments>
<arg>${response.headers['Content-Type']}</arg>
</arguments>
<assign>
<var>${contentType}</var>
</assign>
<msg timestamp="20191024 20:42:42.743" level="INFO">${contentType} = application/json;charset=UTF-8</msg>
<status status="PASS" starttime="20191024 20:42:42.743" endtime="20191024 20:42:42.743"></status>
</kw>
<kw name="Run Keyword If" library="BuiltIn">
<doc>Runs the given keyword with the given arguments, if ``condition`` is true.</doc>
<arguments>
<arg>${contentType.__contains__('json')}</arg>
<arg>json should contains</arg>
<arg>${response.json()}</arg>
<arg>${expected_value}</arg>
<arg>ELSE</arg>
<arg>should not be equal</arg>
<arg>${response.headers['Content-Length']}</arg>
<arg>0</arg>
<arg>msg=请求图片失败</arg>
</arguments>
<kw name="Json Should Contains" library="CommonTools">
<arguments>
<arg>${response.json()}</arg>
<arg>${expected_value}</arg>
</arguments>
<status status="PASS" starttime="20191024 20:42:42.743" endtime="20191024 20:42:42.743"></status>
</kw>
<status status="PASS" starttime="20191024 20:42:42.743" endtime="20191024 20:42:42.743"></status>
</kw>
<status status="PASS" starttime="20191024 20:42:42.742" endtime="20191024 20:42:42.744"></status>
</kw>
<status status="PASS" starttime="20191024 20:42:41.972" endtime="20191024 20:42:42.744"></status>
</kw>
<kw name="send get request and verify" library="Keywords&amp;Variables">
<arguments>
<arg>专网》获取部分信用优享信息</arg>
</arguments>
<kw name="send get" library="Keywords&amp;Variables">
<arguments>
<arg>${path}</arg>
<arg>&amp;{params}</arg>
</arguments>
<assign>
<var>${response}</var>
</assign>
<kw name="Log" library="BuiltIn">
<doc>Logs the given message with the given level.</doc>
<arguments>
<arg>请求参数：${path},${headers},${params}</arg>
</arguments>
<msg timestamp="20191024 20:42:42.744" level="INFO">请求参数：专网》获取部分信用优享信息,{'Device-Name': 'OPPO+A83', 'Device-Model': 'OPPO OPPO A83', 'City-Code': '520100', 'version': '1.7.1', 'Device-Type': 'Android', 'Device-Code': 'ffffffffc2c1b527ffffffffc2c1b527', 'Token': 'eTir/N9Z7ddMjuvo8M5MJWRLAWrlJ7pUlUe2+eYszHJumBknucBL6nuzBdYWFTWIpFiiDNjxV7Ehw32usHdd6VMFs0k7Rm70FcoDPkTEvyWquKXlDB6j1dsnMB2wn/B4QDfvNt9azAT+idHo349mOD+R4cCz9N0IPyQN8JR67/W0Se+CW/teW+1DE70HDMY+0lrm01ftft627SGVsnr6ApGfseoLUy9tQL+DW0n4rkhdvqfHhZrcA+e8dlwoUKVK3HxWphh03aMoTqKSBReJ21/bcG4SKOxQTYTmEBzCWrNokS3hW9COGFKPgGBiodwS', 'Pvt-Token': 'eyJhbGciOiJIUzI1NiIsInppcCI6IkRFRiJ9.eNpcjE0KgCAUBu_y1hHvM8WfQ3QHMyMpC7JW0d1z0arZDQxzUyqFHM1pCUf0Z2zDnqmh5E9yUBpWsIFpqFxDzZRgMGCNZstQEnAds2Q3fQQRMCih_16Xx77G3udYN37MaaPnBQAA__8.f0RkqriKd8vVcLmh_H7Bj56-KWG6hOV4ZwCWrMFbtXU'},{}</msg>
<status status="PASS" starttime="20191024 20:42:42.744" endtime="20191024 20:42:42.744"></status>
</kw>
<kw name="Run Keyword If" library="BuiltIn">
<doc>Runs the given keyword with the given arguments, if ``condition`` is true.</doc>
<arguments>
<arg>${path.__contains__("公网")}</arg>
<arg>GET</arg>
<arg>${pub-base-url}</arg>
<arg>path=${path.replace("公网","edl-公网-移动端")}</arg>
<arg>headers=${headers}</arg>
<arg>params=${params}</arg>
<arg>ELSE IF</arg>
<arg>${path.__contains__("专网")}</arg>
<arg>GET</arg>
<arg>${pvt-base-url}</arg>
<arg>path=${path.replace("专网","edl-专网-移动端")}</arg>
<arg>headers=${headers}</arg>
<arg>params=${params}</arg>
<arg>ELSE</arg>
<arg>GET</arg>
<arg>${path}</arg>
<arg>headers=${headers}</arg>
<arg>params=${params}</arg>
</arguments>
<assign>
<var>${response}</var>
</assign>
<kw name="GET" library="RequestsRF">
<arguments>
<arg>${pvt-base-url}</arg>
<arg>path=${path.replace("专网","edl-专网-移动端")}</arg>
<arg>headers=${headers}</arg>
<arg>params=${params}</arg>
</arguments>
<status status="PASS" starttime="20191024 20:42:42.745" endtime="20191024 20:42:42.881"></status>
</kw>
<msg timestamp="20191024 20:42:42.881" level="INFO">${response} = &lt;Response [200]&gt;</msg>
<status status="PASS" starttime="20191024 20:42:42.745" endtime="20191024 20:42:42.881"></status>
</kw>
<kw name="Should Be Equal" library="BuiltIn">
<doc>Fails if the given objects are unequal.</doc>
<arguments>
<arg>${response.status_code}</arg>
<arg>${200}</arg>
<arg>msg=${response.text}</arg>
</arguments>
<status status="PASS" starttime="20191024 20:42:42.882" endtime="20191024 20:42:42.883"></status>
</kw>
<msg timestamp="20191024 20:42:42.884" level="INFO">${response} = &lt;Response [200]&gt;</msg>
<status status="PASS" starttime="20191024 20:42:42.744" endtime="20191024 20:42:42.884"></status>
</kw>
<kw name="response should be correct" library="Keywords&amp;Variables">
<arguments>
<arg>${response}</arg>
<arg>expected_value=${expected}</arg>
</arguments>
<kw name="Set Variable" library="BuiltIn">
<doc>Returns the given values which can then be assigned to a variables.</doc>
<arguments>
<arg>${response.headers['Content-Type']}</arg>
</arguments>
<assign>
<var>${contentType}</var>
</assign>
<msg timestamp="20191024 20:42:42.885" level="INFO">${contentType} = application/json;charset=UTF-8</msg>
<status status="PASS" starttime="20191024 20:42:42.885" endtime="20191024 20:42:42.885"></status>
</kw>
<kw name="Run Keyword If" library="BuiltIn">
<doc>Runs the given keyword with the given arguments, if ``condition`` is true.</doc>
<arguments>
<arg>${contentType.__contains__('json')}</arg>
<arg>json should contains</arg>
<arg>${response.json()}</arg>
<arg>${expected_value}</arg>
<arg>ELSE</arg>
<arg>should not be equal</arg>
<arg>${response.headers['Content-Length']}</arg>
<arg>0</arg>
<arg>msg=请求图片失败</arg>
</arguments>
<kw name="Json Should Contains" library="CommonTools">
<arguments>
<arg>${response.json()}</arg>
<arg>${expected_value}</arg>
</arguments>
<status status="PASS" starttime="20191024 20:42:42.886" endtime="20191024 20:42:42.886"></status>
</kw>
<status status="PASS" starttime="20191024 20:42:42.885" endtime="20191024 20:42:42.886"></status>
</kw>
<status status="PASS" starttime="20191024 20:42:42.884" endtime="20191024 20:42:42.886"></status>
</kw>
<status status="PASS" starttime="20191024 20:42:42.744" endtime="20191024 20:42:42.886"></status>
</kw>
<kw name="send get request and verify" library="Keywords&amp;Variables">
<arguments>
<arg>专网》我的信用</arg>
</arguments>
<kw name="send get" library="Keywords&amp;Variables">
<arguments>
<arg>${path}</arg>
<arg>&amp;{params}</arg>
</arguments>
<assign>
<var>${response}</var>
</assign>
<kw name="Log" library="BuiltIn">
<doc>Logs the given message with the given level.</doc>
<arguments>
<arg>请求参数：${path},${headers},${params}</arg>
</arguments>
<msg timestamp="20191024 20:42:42.887" level="INFO">请求参数：专网》我的信用,{'Device-Name': 'OPPO+A83', 'Device-Model': 'OPPO OPPO A83', 'City-Code': '520100', 'version': '1.7.1', 'Device-Type': 'Android', 'Device-Code': 'ffffffffc2c1b527ffffffffc2c1b527', 'Token': 'eTir/N9Z7ddMjuvo8M5MJWRLAWrlJ7pUlUe2+eYszHJumBknucBL6nuzBdYWFTWIpFiiDNjxV7Ehw32usHdd6VMFs0k7Rm70FcoDPkTEvyWquKXlDB6j1dsnMB2wn/B4QDfvNt9azAT+idHo349mOD+R4cCz9N0IPyQN8JR67/W0Se+CW/teW+1DE70HDMY+0lrm01ftft627SGVsnr6ApGfseoLUy9tQL+DW0n4rkhdvqfHhZrcA+e8dlwoUKVK3HxWphh03aMoTqKSBReJ21/bcG4SKOxQTYTmEBzCWrNokS3hW9COGFKPgGBiodwS', 'Pvt-Token': 'eyJhbGciOiJIUzI1NiIsInppcCI6IkRFRiJ9.eNpcjE0KgCAUBu_y1hHvM8WfQ3QHMyMpC7JW0d1z0arZDQxzUyqFHM1pCUf0Z2zDnqmh5E9yUBpWsIFpqFxDzZRgMGCNZstQEnAds2Q3fQQRMCih_16Xx77G3udYN37MaaPnBQAA__8.f0RkqriKd8vVcLmh_H7Bj56-KWG6hOV4ZwCWrMFbtXU'},{}</msg>
<status status="PASS" starttime="20191024 20:42:42.887" endtime="20191024 20:42:42.887"></status>
</kw>
<kw name="Run Keyword If" library="BuiltIn">
<doc>Runs the given keyword with the given arguments, if ``condition`` is true.</doc>
<arguments>
<arg>${path.__contains__("公网")}</arg>
<arg>GET</arg>
<arg>${pub-base-url}</arg>
<arg>path=${path.replace("公网","edl-公网-移动端")}</arg>
<arg>headers=${headers}</arg>
<arg>params=${params}</arg>
<arg>ELSE IF</arg>
<arg>${path.__contains__("专网")}</arg>
<arg>GET</arg>
<arg>${pvt-base-url}</arg>
<arg>path=${path.replace("专网","edl-专网-移动端")}</arg>
<arg>headers=${headers}</arg>
<arg>params=${params}</arg>
<arg>ELSE</arg>
<arg>GET</arg>
<arg>${path}</arg>
<arg>headers=${headers}</arg>
<arg>params=${params}</arg>
</arguments>
<assign>
<var>${response}</var>
</assign>
<kw name="GET" library="RequestsRF">
<arguments>
<arg>${pvt-base-url}</arg>
<arg>path=${path.replace("专网","edl-专网-移动端")}</arg>
<arg>headers=${headers}</arg>
<arg>params=${params}</arg>
</arguments>
<status status="PASS" starttime="20191024 20:42:42.887" endtime="20191024 20:42:42.973"></status>
</kw>
<msg timestamp="20191024 20:42:42.974" level="INFO">${response} = &lt;Response [200]&gt;</msg>
<status status="PASS" starttime="20191024 20:42:42.887" endtime="20191024 20:42:42.974"></status>
</kw>
<kw name="Should Be Equal" library="BuiltIn">
<doc>Fails if the given objects are unequal.</doc>
<arguments>
<arg>${response.status_code}</arg>
<arg>${200}</arg>
<arg>msg=${response.text}</arg>
</arguments>
<status status="PASS" starttime="20191024 20:42:42.974" endtime="20191024 20:42:42.976"></status>
</kw>
<msg timestamp="20191024 20:42:42.976" level="INFO">${response} = &lt;Response [200]&gt;</msg>
<status status="PASS" starttime="20191024 20:42:42.886" endtime="20191024 20:42:42.976"></status>
</kw>
<kw name="response should be correct" library="Keywords&amp;Variables">
<arguments>
<arg>${response}</arg>
<arg>expected_value=${expected}</arg>
</arguments>
<kw name="Set Variable" library="BuiltIn">
<doc>Returns the given values which can then be assigned to a variables.</doc>
<arguments>
<arg>${response.headers['Content-Type']}</arg>
</arguments>
<assign>
<var>${contentType}</var>
</assign>
<msg timestamp="20191024 20:42:42.977" level="INFO">${contentType} = application/json;charset=UTF-8</msg>
<status status="PASS" starttime="20191024 20:42:42.977" endtime="20191024 20:42:42.977"></status>
</kw>
<kw name="Run Keyword If" library="BuiltIn">
<doc>Runs the given keyword with the given arguments, if ``condition`` is true.</doc>
<arguments>
<arg>${contentType.__contains__('json')}</arg>
<arg>json should contains</arg>
<arg>${response.json()}</arg>
<arg>${expected_value}</arg>
<arg>ELSE</arg>
<arg>should not be equal</arg>
<arg>${response.headers['Content-Length']}</arg>
<arg>0</arg>
<arg>msg=请求图片失败</arg>
</arguments>
<kw name="Json Should Contains" library="CommonTools">
<arguments>
<arg>${response.json()}</arg>
<arg>${expected_value}</arg>
</arguments>
<status status="PASS" starttime="20191024 20:42:42.977" endtime="20191024 20:42:42.978"></status>
</kw>
<status status="PASS" starttime="20191024 20:42:42.977" endtime="20191024 20:42:42.978"></status>
</kw>
<status status="PASS" starttime="20191024 20:42:42.977" endtime="20191024 20:42:42.978"></status>
</kw>
<status status="PASS" starttime="20191024 20:42:42.886" endtime="20191024 20:42:42.978"></status>
</kw>
<kw name="send get request and verify" library="Keywords&amp;Variables">
<arguments>
<arg>专网》用户信息</arg>
</arguments>
<kw name="send get" library="Keywords&amp;Variables">
<arguments>
<arg>${path}</arg>
<arg>&amp;{params}</arg>
</arguments>
<assign>
<var>${response}</var>
</assign>
<kw name="Log" library="BuiltIn">
<doc>Logs the given message with the given level.</doc>
<arguments>
<arg>请求参数：${path},${headers},${params}</arg>
</arguments>
<msg timestamp="20191024 20:42:42.978" level="INFO">请求参数：专网》用户信息,{'Device-Name': 'OPPO+A83', 'Device-Model': 'OPPO OPPO A83', 'City-Code': '520100', 'version': '1.7.1', 'Device-Type': 'Android', 'Device-Code': 'ffffffffc2c1b527ffffffffc2c1b527', 'Token': 'eTir/N9Z7ddMjuvo8M5MJWRLAWrlJ7pUlUe2+eYszHJumBknucBL6nuzBdYWFTWIpFiiDNjxV7Ehw32usHdd6VMFs0k7Rm70FcoDPkTEvyWquKXlDB6j1dsnMB2wn/B4QDfvNt9azAT+idHo349mOD+R4cCz9N0IPyQN8JR67/W0Se+CW/teW+1DE70HDMY+0lrm01ftft627SGVsnr6ApGfseoLUy9tQL+DW0n4rkhdvqfHhZrcA+e8dlwoUKVK3HxWphh03aMoTqKSBReJ21/bcG4SKOxQTYTmEBzCWrNokS3hW9COGFKPgGBiodwS', 'Pvt-Token': 'eyJhbGciOiJIUzI1NiIsInppcCI6IkRFRiJ9.eNpcjE0KgCAUBu_y1hHvM8WfQ3QHMyMpC7JW0d1z0arZDQxzUyqFHM1pCUf0Z2zDnqmh5E9yUBpWsIFpqFxDzZRgMGCNZstQEnAds2Q3fQQRMCih_16Xx77G3udYN37MaaPnBQAA__8.f0RkqriKd8vVcLmh_H7Bj56-KWG6hOV4ZwCWrMFbtXU'},{}</msg>
<status status="PASS" starttime="20191024 20:42:42.978" endtime="20191024 20:42:42.979"></status>
</kw>
<kw name="Run Keyword If" library="BuiltIn">
<doc>Runs the given keyword with the given arguments, if ``condition`` is true.</doc>
<arguments>
<arg>${path.__contains__("公网")}</arg>
<arg>GET</arg>
<arg>${pub-base-url}</arg>
<arg>path=${path.replace("公网","edl-公网-移动端")}</arg>
<arg>headers=${headers}</arg>
<arg>params=${params}</arg>
<arg>ELSE IF</arg>
<arg>${path.__contains__("专网")}</arg>
<arg>GET</arg>
<arg>${pvt-base-url}</arg>
<arg>path=${path.replace("专网","edl-专网-移动端")}</arg>
<arg>headers=${headers}</arg>
<arg>params=${params}</arg>
<arg>ELSE</arg>
<arg>GET</arg>
<arg>${path}</arg>
<arg>headers=${headers}</arg>
<arg>params=${params}</arg>
</arguments>
<assign>
<var>${response}</var>
</assign>
<kw name="GET" library="RequestsRF">
<arguments>
<arg>${pvt-base-url}</arg>
<arg>path=${path.replace("专网","edl-专网-移动端")}</arg>
<arg>headers=${headers}</arg>
<arg>params=${params}</arg>
</arguments>
<status status="PASS" starttime="20191024 20:42:42.979" endtime="20191024 20:42:43.143"></status>
</kw>
<msg timestamp="20191024 20:42:43.143" level="INFO">${response} = &lt;Response [200]&gt;</msg>
<status status="PASS" starttime="20191024 20:42:42.979" endtime="20191024 20:42:43.144"></status>
</kw>
<kw name="Should Be Equal" library="BuiltIn">
<doc>Fails if the given objects are unequal.</doc>
<arguments>
<arg>${response.status_code}</arg>
<arg>${200}</arg>
<arg>msg=${response.text}</arg>
</arguments>
<status status="PASS" starttime="20191024 20:42:43.144" endtime="20191024 20:42:43.144"></status>
</kw>
<msg timestamp="20191024 20:42:43.144" level="INFO">${response} = &lt;Response [200]&gt;</msg>
<status status="PASS" starttime="20191024 20:42:42.978" endtime="20191024 20:42:43.144"></status>
</kw>
<kw name="response should be correct" library="Keywords&amp;Variables">
<arguments>
<arg>${response}</arg>
<arg>expected_value=${expected}</arg>
</arguments>
<kw name="Set Variable" library="BuiltIn">
<doc>Returns the given values which can then be assigned to a variables.</doc>
<arguments>
<arg>${response.headers['Content-Type']}</arg>
</arguments>
<assign>
<var>${contentType}</var>
</assign>
<msg timestamp="20191024 20:42:43.145" level="INFO">${contentType} = application/json;charset=UTF-8</msg>
<status status="PASS" starttime="20191024 20:42:43.144" endtime="20191024 20:42:43.145"></status>
</kw>
<kw name="Run Keyword If" library="BuiltIn">
<doc>Runs the given keyword with the given arguments, if ``condition`` is true.</doc>
<arguments>
<arg>${contentType.__contains__('json')}</arg>
<arg>json should contains</arg>
<arg>${response.json()}</arg>
<arg>${expected_value}</arg>
<arg>ELSE</arg>
<arg>should not be equal</arg>
<arg>${response.headers['Content-Length']}</arg>
<arg>0</arg>
<arg>msg=请求图片失败</arg>
</arguments>
<kw name="Json Should Contains" library="CommonTools">
<arguments>
<arg>${response.json()}</arg>
<arg>${expected_value}</arg>
</arguments>
<status status="PASS" starttime="20191024 20:42:43.145" endtime="20191024 20:42:43.145"></status>
</kw>
<status status="PASS" starttime="20191024 20:42:43.145" endtime="20191024 20:42:43.145"></status>
</kw>
<status status="PASS" starttime="20191024 20:42:43.144" endtime="20191024 20:42:43.145"></status>
</kw>
<status status="PASS" starttime="20191024 20:42:42.978" endtime="20191024 20:42:43.146"></status>
</kw>
<kw name="send get request and verify" library="Keywords&amp;Variables">
<arguments>
<arg>专网》获取驾驶证图片</arg>
<arg>bizType=1</arg>
</arguments>
<kw name="send get" library="Keywords&amp;Variables">
<arguments>
<arg>${path}</arg>
<arg>&amp;{params}</arg>
</arguments>
<assign>
<var>${response}</var>
</assign>
<kw name="Log" library="BuiltIn">
<doc>Logs the given message with the given level.</doc>
<arguments>
<arg>请求参数：${path},${headers},${params}</arg>
</arguments>
<msg timestamp="20191024 20:42:43.146" level="INFO">请求参数：专网》获取驾驶证图片,{'Device-Name': 'OPPO+A83', 'Device-Model': 'OPPO OPPO A83', 'City-Code': '520100', 'version': '1.7.1', 'Device-Type': 'Android', 'Device-Code': 'ffffffffc2c1b527ffffffffc2c1b527', 'Token': 'eTir/N9Z7ddMjuvo8M5MJWRLAWrlJ7pUlUe2+eYszHJumBknucBL6nuzBdYWFTWIpFiiDNjxV7Ehw32usHdd6VMFs0k7Rm70FcoDPkTEvyWquKXlDB6j1dsnMB2wn/B4QDfvNt9azAT+idHo349mOD+R4cCz9N0IPyQN8JR67/W0Se+CW/teW+1DE70HDMY+0lrm01ftft627SGVsnr6ApGfseoLUy9tQL+DW0n4rkhdvqfHhZrcA+e8dlwoUKVK3HxWphh03aMoTqKSBReJ21/bcG4SKOxQTYTmEBzCWrNokS3hW9COGFKPgGBiodwS', 'Pvt-Token': 'eyJhbGciOiJIUzI1NiIsInppcCI6IkRFRiJ9.eNpcjE0KgCAUBu_y1hHvM8WfQ3QHMyMpC7JW0d1z0arZDQxzUyqFHM1pCUf0Z2zDnqmh5E9yUBpWsIFpqFxDzZRgMGCNZstQEnAds2Q3fQQRMCih_16Xx77G3udYN37MaaPnBQAA__8.f0RkqriKd8vVcLmh_H7Bj56-KWG6hOV4ZwCWrMFbtXU'},{'bizType': '1'}</msg>
<status status="PASS" starttime="20191024 20:42:43.146" endtime="20191024 20:42:43.146"></status>
</kw>
<kw name="Run Keyword If" library="BuiltIn">
<doc>Runs the given keyword with the given arguments, if ``condition`` is true.</doc>
<arguments>
<arg>${path.__contains__("公网")}</arg>
<arg>GET</arg>
<arg>${pub-base-url}</arg>
<arg>path=${path.replace("公网","edl-公网-移动端")}</arg>
<arg>headers=${headers}</arg>
<arg>params=${params}</arg>
<arg>ELSE IF</arg>
<arg>${path.__contains__("专网")}</arg>
<arg>GET</arg>
<arg>${pvt-base-url}</arg>
<arg>path=${path.replace("专网","edl-专网-移动端")}</arg>
<arg>headers=${headers}</arg>
<arg>params=${params}</arg>
<arg>ELSE</arg>
<arg>GET</arg>
<arg>${path}</arg>
<arg>headers=${headers}</arg>
<arg>params=${params}</arg>
</arguments>
<assign>
<var>${response}</var>
</assign>
<kw name="GET" library="RequestsRF">
<arguments>
<arg>${pvt-base-url}</arg>
<arg>path=${path.replace("专网","edl-专网-移动端")}</arg>
<arg>headers=${headers}</arg>
<arg>params=${params}</arg>
</arguments>
<status status="PASS" starttime="20191024 20:42:43.147" endtime="20191024 20:42:43.285"></status>
</kw>
<msg timestamp="20191024 20:42:43.286" level="INFO">${response} = &lt;Response [200]&gt;</msg>
<status status="PASS" starttime="20191024 20:42:43.146" endtime="20191024 20:42:43.286"></status>
</kw>
<kw name="Should Be Equal" library="BuiltIn">
<doc>Fails if the given objects are unequal.</doc>
<arguments>
<arg>${response.status_code}</arg>
<arg>${200}</arg>
<arg>msg=${response.text}</arg>
</arguments>
<status status="PASS" starttime="20191024 20:42:43.286" endtime="20191024 20:42:43.917"></status>
</kw>
<msg timestamp="20191024 20:42:43.917" level="INFO">${response} = &lt;Response [200]&gt;</msg>
<status status="PASS" starttime="20191024 20:42:43.146" endtime="20191024 20:42:43.917"></status>
</kw>
<kw name="response should be correct" library="Keywords&amp;Variables">
<arguments>
<arg>${response}</arg>
<arg>expected_value=${expected}</arg>
</arguments>
<kw name="Set Variable" library="BuiltIn">
<doc>Returns the given values which can then be assigned to a variables.</doc>
<arguments>
<arg>${response.headers['Content-Type']}</arg>
</arguments>
<assign>
<var>${contentType}</var>
</assign>
<msg timestamp="20191024 20:42:43.918" level="INFO">${contentType} = image/jpeg</msg>
<status status="PASS" starttime="20191024 20:42:43.918" endtime="20191024 20:42:43.918"></status>
</kw>
<kw name="Run Keyword If" library="BuiltIn">
<doc>Runs the given keyword with the given arguments, if ``condition`` is true.</doc>
<arguments>
<arg>${contentType.__contains__('json')}</arg>
<arg>json should contains</arg>
<arg>${response.json()}</arg>
<arg>${expected_value}</arg>
<arg>ELSE</arg>
<arg>should not be equal</arg>
<arg>${response.headers['Content-Length']}</arg>
<arg>0</arg>
<arg>msg=请求图片失败</arg>
</arguments>
<kw name="Should Not Be Equal" library="BuiltIn">
<doc>Fails if the given objects are equal.</doc>
<arguments>
<arg>${response.headers['Content-Length']}</arg>
<arg>0</arg>
<arg>msg=请求图片失败</arg>
</arguments>
<status status="PASS" starttime="20191024 20:42:43.918" endtime="20191024 20:42:43.919"></status>
</kw>
<status status="PASS" starttime="20191024 20:42:43.918" endtime="20191024 20:42:43.919"></status>
</kw>
<status status="PASS" starttime="20191024 20:42:43.917" endtime="20191024 20:42:43.919"></status>
</kw>
<status status="PASS" starttime="20191024 20:42:43.146" endtime="20191024 20:42:43.919"></status>
</kw>
<status status="PASS" starttime="20191024 20:42:41.330" endtime="20191024 20:42:43.919" critical="yes"></status>
</test>
<status status="PASS" starttime="20191024 20:42:35.261" endtime="20191024 20:42:43.919"></status>
</suite>
<status status="PASS" starttime="20191024 20:42:35.199" endtime="20191024 20:42:43.920"></status>
</suite>
<statistics>
<total>
<stat pass="1" fail="0">Critical Tests</stat>
<stat pass="1" fail="0">All Tests</stat>
</total>
<tag>
</tag>
<suite>
<stat pass="1" fail="0" id="s1" name="SmokeTest">SmokeTest</stat>
<stat pass="1" fail="0" id="s1-s1" name="SmokeTest">SmokeTest.SmokeTest</stat>
</suite>
</statistics>
<errors>
</errors>
</robot>
